    ======  ======
    Time:29/03/2018 11:26:00
    Title: Initiate log
    Message: 
    Time:29/03/2018 11:26:00
    Title: Initiate InternalManager
    Message: Trying to Validate License
    Time:29/03/2018 11:26:00
    Title: Requesting EVT
    Message: EVTP
    Time:29/03/2018 11:26:00
    Title: Requesting Validation
    Message: ILMValidate
    Time:29/03/2018 11:26:00
    Title: Requesting Validation
    Message: ILMValidate True
    Time:29/03/2018 11:26:00
    Title: Requesting Validation
    Message: ILMValidate True NotTrial
    Time:29/03/2018 11:26:00
    Title: Requested registry access is not allowed.
    Message:    at System.ThrowHelper.ThrowSecurityException(ExceptionResource resource)
   at Microsoft.Win32.RegistryKey.OpenSubKey(String name, Boolean writable)
   at Telerik.Licensing.Licenser.CheckRegistryTimeStamp()
   at Telerik.Licensing.Licenser.TryCheckLicenseExists()
    Entering constructor for: Telerik.CommonPackage.Telerik_CommonPackagePackage
    Entering Initialize() of: Telerik.CommonPackage.Telerik_CommonPackagePackage
    Entering Initialize() of: Telerik.Sitefinity.Thunder.ThunderPackage
    Entering Telerik.Sitefinity.Thunder.Editors.CssLoadOrderEditor.CssLoadOrderEditorPane constructor
    Entering Telerik.Sitefinity.Thunder.Editors.ResourceClassEditor.ResourceClassEditorPane constructor
    Entering constructor for: Microsoft.Cct.CctSharedPackage
    Entering Initialize() of: Microsoft.Cct.CctSharedPackage
    devenv.exe Information: 0 : 29/03/2018 08:26:14:  - TokenCache: Deserialized 3 items to token cache.
    devenv.exe Information: 0 : 29/03/2018 08:26:15:  - AuthenticationContext: ADAL .NET with assembly version '2.16.0.0', file version '2.16.20422.1202' and informational version '7329346b1c69910ce7abd66c3f8a918c307827a1' is running...
    devenv.exe Information: 0 : 29/03/2018 08:26:15: b290c872-5858-4ffd-b5bf-5074f779d2c2 - AcquireTokenHandlerBase: === Token Acquisition started:
	Authority: https://login.microsoftonline.com/db266a67-cbe0-4d26-ae1a-d0581fe03535/
	Resource: https://management.core.windows.net/
	ClientId: 872cd9fa-d31f-45e0-9eab-6e460a02d1f1
	CacheType: Microsoft.VisualStudio.Services.Client.AccountManagement.AccountManagerAdalCache (3 items)
	Authentication Target: User
	
    devenv.exe Information: 0 : 29/03/2018 08:26:15: b290c872-5858-4ffd-b5bf-5074f779d2c2 - TokenCache: Looking up cache for a token...
    devenv.exe Information: 0 : 29/03/2018 08:26:15: b290c872-5858-4ffd-b5bf-5074f779d2c2 - TokenCache: No matching token was found in the cache
    devenv.exe Information: 0 : 29/03/2018 08:26:15: b290c872-5858-4ffd-b5bf-5074f779d2c2 - AcquireTokenSilentHandler: No token matching arguments found in the cache
    devenv.exe Error: 0 : 29/03/2018 08:26:15: b290c872-5858-4ffd-b5bf-5074f779d2c2 - <RunAsync>d__0: Microsoft.IdentityModel.Clients.ActiveDirectory.AdalSilentTokenAcquisitionException: Failed to acquire token silently. Call method AcquireToken
   at Microsoft.IdentityModel.Clients.ActiveDirectory.AcquireTokenSilentHandler.SendTokenRequestAsync()
   at Microsoft.IdentityModel.Clients.ActiveDirectory.AcquireTokenHandlerBase.<RunAsync>d__0.MoveNext()
	ErrorCode: failed_to_acquire_token_silently
    devenv.exe Information: 0 : 29/03/2018 08:26:15: 4d9f856d-57dd-457e-bfe6-282e00342c51 - AcquireTokenHandlerBase: === Token Acquisition started:
	Authority: https://login.microsoftonline.com/db266a67-cbe0-4d26-ae1a-d0581fe03535/
	Resource: https://management.core.windows.net/
	ClientId: 872cd9fa-d31f-45e0-9eab-6e460a02d1f1
	CacheType: Microsoft.VisualStudio.Services.Client.AccountManagement.AccountManagerAdalCache (3 items)
	Authentication Target: User
	
    devenv.exe Information: 0 : 29/03/2018 08:26:15: 4d9f856d-57dd-457e-bfe6-282e00342c51 - TokenCache: Looking up cache for a token...
    devenv.exe Information: 0 : 29/03/2018 08:26:15: 4d9f856d-57dd-457e-bfe6-282e00342c51 - TokenCache: No matching token was found in the cache
    devenv.exe Information: 0 : 29/03/2018 08:26:15: 4d9f856d-57dd-457e-bfe6-282e00342c51 - AcquireTokenSilentHandler: No token matching arguments found in the cache
    devenv.exe Error: 0 : 29/03/2018 08:26:15: 4d9f856d-57dd-457e-bfe6-282e00342c51 - <RunAsync>d__0: Microsoft.IdentityModel.Clients.ActiveDirectory.AdalSilentTokenAcquisitionException: Failed to acquire token silently. Call method AcquireToken
   at Microsoft.IdentityModel.Clients.ActiveDirectory.AcquireTokenSilentHandler.SendTokenRequestAsync()
   at Microsoft.IdentityModel.Clients.ActiveDirectory.AcquireTokenHandlerBase.<RunAsync>d__0.MoveNext()
	ErrorCode: failed_to_acquire_token_silently
    System.NullReferenceException: Object reference not set to an instance of an object.
   at SquaredInfinity.VSCommands.Foundation.VisualStudioEvents.VisualStudioEventsService.<>c__DisplayClass67_0.<VsShellPropertyEvents_AfterShellPropertyChanged>b__0()
   at SquaredInfinity.VSCommands.Foundation.VisualStudioEvents.VisualStudioEventsService.SafeExecute(Action action)
    Web method running: [https://app.vssps.visualstudio.com/_apis/connectionData?connectOptions=IncludeServices&lastChangeId=1372&lastChangeId64=1372] (GET)connectionData[connectionData]
    Entering constructor for: Microsoft.Cosmos.ScopeStudio.VsExtension.ProjectSystem.ScopeProjectPackageForSqlIPStudio
    SQMVersion=1,RecordType=Operation,Category=ScopeStudio,Key=Initailize,DRI=True,"Value=Package"
    SQMVersion=1,RecordType=KPIOperation,Category=ScopeStudio,Key=Initailize,DRI=True,"Value=Package"
    devenv.exe Information: 0 : Microsoft Azure Data Lake Tools for Visual Studio version 2.2.6000.1 started
    devenv.exe Warning: 0 : Assembly Resolve request in CompilerServicesAppDomain: C:\Program Files (x86)\Microsoft Visual Studio 14.0\Common7\IDE\Extensions\Microsoft\ADL Tools\2.2.6000.1\Microsoft.Cosmos.FrontEnd.Contract.dll
    devenv.exe Warning: 0 : Assembly Resolve request in CompilerServicesAppDomain: C:\Program Files (x86)\Microsoft Visual Studio 14.0\Common7\IDE\Extensions\Microsoft\ADL Tools\2.2.6000.1\Microsoft.Cosmos.FrontEnd.Contract.dll
    devenv.exe Warning: 0 : Assembly Resolve request in CompilerServicesAppDomain: C:\Program Files (x86)\Microsoft Visual Studio 14.0\Common7\IDE\Extensions\Microsoft\ADL Tools\2.2.6000.1\Microsoft.Cosmos.FrontEnd.Contract.exe
    devenv.exe Warning: 0 : Assembly Resolve request in CompilerServicesAppDomain: C:\Program Files (x86)\Microsoft Visual Studio 14.0\Common7\IDE\Extensions\Microsoft\ADL Tools\2.2.6000.1\Microsoft.Cosmos.FrontEnd.Contract.exe
    devenv.exe Warning: 0 : Assembly Resolve request in CompilerServicesAppDomain: Microsoft.Cosmos.FrontEnd.Contract, Version=10.2.0.0, Culture=neutral, PublicKeyToken=1a5b963c6f0fbeab
    devenv.exe Warning: 0 : Assembly Resolve request in CompilerServicesAppDomain: C:\Program Files (x86)\Microsoft Visual Studio 14.0\Common7\IDE\Extensions\Microsoft\ADL Tools\2.2.6000.1\Microsoft.SqlServer.TransactSql.dll
    devenv.exe Warning: 0 : Assembly Resolve request in CompilerServicesAppDomain: C:\Program Files (x86)\Microsoft Visual Studio 14.0\Common7\IDE\Extensions\Microsoft\ADL Tools\2.2.6000.1\Microsoft.SqlServer.TransactSql.dll
    devenv.exe Warning: 0 : Assembly Resolve request in CompilerServicesAppDomain: C:\Program Files (x86)\Microsoft Visual Studio 14.0\Common7\IDE\Extensions\Microsoft\ADL Tools\2.2.6000.1\Microsoft.SqlServer.TransactSql.exe
    devenv.exe Warning: 0 : Assembly Resolve request in CompilerServicesAppDomain: C:\Program Files (x86)\Microsoft Visual Studio 14.0\Common7\IDE\Extensions\Microsoft\ADL Tools\2.2.6000.1\Microsoft.SqlServer.TransactSql.exe
    devenv.exe Warning: 0 : Assembly Resolve request in CompilerServicesAppDomain: Microsoft.SqlServer.TransactSql, Version=13.0.0.0, Culture=neutral, PublicKeyToken=89845dcd8080cc91
    devenv.exe Warning: 0 : Assembly Resolve request in CompilerServicesAppDomain: C:\Program Files (x86)\Microsoft Visual Studio 14.0\Common7\IDE\Extensions\Microsoft\ADL Tools\2.2.6000.1\Microsoft.SqlServer.TransactSql.dll
    devenv.exe Warning: 0 : Assembly Resolve request in CompilerServicesAppDomain: C:\Program Files (x86)\Microsoft Visual Studio 14.0\Common7\IDE\Extensions\Microsoft\ADL Tools\2.2.6000.1\Microsoft.SqlServer.TransactSql.dll
    devenv.exe Warning: 0 : Assembly Resolve request in CompilerServicesAppDomain: C:\Program Files (x86)\Microsoft Visual Studio 14.0\Common7\IDE\Extensions\Microsoft\ADL Tools\2.2.6000.1\Microsoft.SqlServer.TransactSql.exe
    devenv.exe Warning: 0 : Assembly Resolve request in CompilerServicesAppDomain: C:\Program Files (x86)\Microsoft Visual Studio 14.0\Common7\IDE\Extensions\Microsoft\ADL Tools\2.2.6000.1\Microsoft.SqlServer.TransactSql.exe
    devenv.exe Warning: 0 : Assembly Resolve request in CompilerServicesAppDomain: Microsoft.SqlServer.TransactSql, Version=13.0.0.0, Culture=neutral, PublicKeyToken=89845dcd8080cc91
    devenv.exe Warning: 0 : Assembly Resolve request in CompilerServicesAppDomain: C:\Program Files (x86)\Microsoft Visual Studio 14.0\Common7\IDE\Extensions\Microsoft\ADL Tools\2.2.6000.1\Microsoft.WindowsAzure.MobileServices.Management.dll
    devenv.exe Warning: 0 : Assembly Resolve request in CompilerServicesAppDomain: C:\Program Files (x86)\Microsoft Visual Studio 14.0\Common7\IDE\Extensions\Microsoft\ADL Tools\2.2.6000.1\Microsoft.WindowsAzure.MobileServices.Management.dll
    devenv.exe Warning: 0 : Assembly Resolve request in CompilerServicesAppDomain: C:\Program Files (x86)\Microsoft Visual Studio 14.0\Common7\IDE\Extensions\Microsoft\ADL Tools\2.2.6000.1\Microsoft.WindowsAzure.MobileServices.Management.exe
    devenv.exe Warning: 0 : Assembly Resolve request in CompilerServicesAppDomain: C:\Program Files (x86)\Microsoft Visual Studio 14.0\Common7\IDE\Extensions\Microsoft\ADL Tools\2.2.6000.1\Microsoft.WindowsAzure.MobileServices.Management.exe
    devenv.exe Warning: 0 : Assembly Resolve request in CompilerServicesAppDomain: Microsoft.WindowsAzure.MobileServices.Management, Version=1.0.0.0, Culture=neutral, PublicKeyToken=f300afd708cefcd3
    devenv.exe Warning: 0 : Assembly Resolve request in CompilerServicesAppDomain: C:\Program Files (x86)\Microsoft Visual Studio 14.0\Common7\IDE\Extensions\Microsoft\ADL Tools\2.2.6000.1\Microsoft.WindowsAzure.MobileServices.Management.dll
    devenv.exe Warning: 0 : Assembly Resolve request in CompilerServicesAppDomain: C:\Program Files (x86)\Microsoft Visual Studio 14.0\Common7\IDE\Extensions\Microsoft\ADL Tools\2.2.6000.1\Microsoft.WindowsAzure.MobileServices.Management.dll
    devenv.exe Warning: 0 : Assembly Resolve request in CompilerServicesAppDomain: C:\Program Files (x86)\Microsoft Visual Studio 14.0\Common7\IDE\Extensions\Microsoft\ADL Tools\2.2.6000.1\Microsoft.WindowsAzure.MobileServices.Management.exe
    devenv.exe Warning: 0 : Assembly Resolve request in CompilerServicesAppDomain: C:\Program Files (x86)\Microsoft Visual Studio 14.0\Common7\IDE\Extensions\Microsoft\ADL Tools\2.2.6000.1\Microsoft.WindowsAzure.MobileServices.Management.exe
    devenv.exe Warning: 0 : Assembly Resolve request in CompilerServicesAppDomain: Microsoft.WindowsAzure.MobileServices.Management, Version=1.0.0.0, Culture=neutral, PublicKeyToken=f300afd708cefcd3
    devenv.exe Warning: 0 : Assembly Resolve request in CompilerServicesAppDomain: C:\Program Files (x86)\Microsoft Visual Studio 14.0\Common7\IDE\Extensions\Microsoft\ADL Tools\2.2.6000.1\Microsoft.WindowsAzure.MobileServices.Management.dll
    devenv.exe Warning: 0 : Assembly Resolve request in CompilerServicesAppDomain: C:\Program Files (x86)\Microsoft Visual Studio 14.0\Common7\IDE\Extensions\Microsoft\ADL Tools\2.2.6000.1\Microsoft.WindowsAzure.MobileServices.Management.dll
    devenv.exe Warning: 0 : Assembly Resolve request in CompilerServicesAppDomain: C:\Program Files (x86)\Microsoft Visual Studio 14.0\Common7\IDE\Extensions\Microsoft\ADL Tools\2.2.6000.1\Microsoft.WindowsAzure.MobileServices.Management.exe
    devenv.exe Warning: 0 : Assembly Resolve request in CompilerServicesAppDomain: C:\Program Files (x86)\Microsoft Visual Studio 14.0\Common7\IDE\Extensions\Microsoft\ADL Tools\2.2.6000.1\Microsoft.WindowsAzure.MobileServices.Management.exe
    devenv.exe Warning: 0 : Assembly Resolve request in CompilerServicesAppDomain: Microsoft.WindowsAzure.MobileServices.Management, Version=1.0.0.0, Culture=neutral, PublicKeyToken=f300afd708cefcd3
    devenv.exe Warning: 0 : Assembly Resolve request in CompilerServicesAppDomain: C:\Program Files (x86)\Microsoft Visual Studio 14.0\Common7\IDE\Extensions\Microsoft\ADL Tools\2.2.6000.1\Microsoft.WindowsAzure.MobileServices.Management.dll
    devenv.exe Warning: 0 : Assembly Resolve request in CompilerServicesAppDomain: C:\Program Files (x86)\Microsoft Visual Studio 14.0\Common7\IDE\Extensions\Microsoft\ADL Tools\2.2.6000.1\Microsoft.WindowsAzure.MobileServices.Management.dll
    devenv.exe Warning: 0 : Assembly Resolve request in CompilerServicesAppDomain: C:\Program Files (x86)\Microsoft Visual Studio 14.0\Common7\IDE\Extensions\Microsoft\ADL Tools\2.2.6000.1\Microsoft.WindowsAzure.MobileServices.Management.exe
    devenv.exe Warning: 0 : Assembly Resolve request in CompilerServicesAppDomain: C:\Program Files (x86)\Microsoft Visual Studio 14.0\Common7\IDE\Extensions\Microsoft\ADL Tools\2.2.6000.1\Microsoft.WindowsAzure.MobileServices.Management.exe
    devenv.exe Warning: 0 : Assembly Resolve request in CompilerServicesAppDomain: Microsoft.WindowsAzure.MobileServices.Management, Version=1.0.0.0, Culture=neutral, PublicKeyToken=f300afd708cefcd3
    devenv.exe Warning: 0 : Assembly Resolve request in CompilerServicesAppDomain: C:\Program Files (x86)\Microsoft Visual Studio 14.0\Common7\IDE\Extensions\Microsoft\ADL Tools\2.2.6000.1\Microsoft.WindowsAzure.MobileServices.Management.dll
    devenv.exe Warning: 0 : Assembly Resolve request in CompilerServicesAppDomain: C:\Program Files (x86)\Microsoft Visual Studio 14.0\Common7\IDE\Extensions\Microsoft\ADL Tools\2.2.6000.1\Microsoft.WindowsAzure.MobileServices.Management.dll
    devenv.exe Warning: 0 : Assembly Resolve request in CompilerServicesAppDomain: C:\Program Files (x86)\Microsoft Visual Studio 14.0\Common7\IDE\Extensions\Microsoft\ADL Tools\2.2.6000.1\Microsoft.WindowsAzure.MobileServices.Management.exe
    devenv.exe Warning: 0 : Assembly Resolve request in CompilerServicesAppDomain: C:\Program Files (x86)\Microsoft Visual Studio 14.0\Common7\IDE\Extensions\Microsoft\ADL Tools\2.2.6000.1\Microsoft.WindowsAzure.MobileServices.Management.exe
    devenv.exe Warning: 0 : Assembly Resolve request in CompilerServicesAppDomain: Microsoft.WindowsAzure.MobileServices.Management, Version=1.0.0.0, Culture=neutral, PublicKeyToken=f300afd708cefcd3
    devenv.exe Warning: 0 : Assembly Resolve request in CompilerServicesAppDomain: C:\Program Files (x86)\Microsoft Visual Studio 14.0\Common7\IDE\Extensions\Microsoft\ADL Tools\2.2.6000.1\Microsoft.WindowsAzure.MobileServices.Management.dll
    devenv.exe Warning: 0 : Assembly Resolve request in CompilerServicesAppDomain: C:\Program Files (x86)\Microsoft Visual Studio 14.0\Common7\IDE\Extensions\Microsoft\ADL Tools\2.2.6000.1\Microsoft.WindowsAzure.MobileServices.Management.dll
    devenv.exe Warning: 0 : Assembly Resolve request in CompilerServicesAppDomain: C:\Program Files (x86)\Microsoft Visual Studio 14.0\Common7\IDE\Extensions\Microsoft\ADL Tools\2.2.6000.1\Microsoft.WindowsAzure.MobileServices.Management.exe
    devenv.exe Warning: 0 : Assembly Resolve request in CompilerServicesAppDomain: C:\Program Files (x86)\Microsoft Visual Studio 14.0\Common7\IDE\Extensions\Microsoft\ADL Tools\2.2.6000.1\Microsoft.WindowsAzure.MobileServices.Management.exe
    devenv.exe Warning: 0 : Assembly Resolve request in CompilerServicesAppDomain: Microsoft.WindowsAzure.MobileServices.Management, Version=1.0.0.0, Culture=neutral, PublicKeyToken=f300afd708cefcd3
    devenv.exe Warning: 0 : Assembly Resolve request in CompilerServicesAppDomain: C:\Program Files (x86)\Microsoft Visual Studio 14.0\Common7\IDE\Extensions\Microsoft\ADL Tools\2.2.6000.1\Microsoft.Cosmos.Table.Client.dll
    devenv.exe Warning: 0 : Assembly Resolve request in CompilerServicesAppDomain: C:\Program Files (x86)\Microsoft Visual Studio 14.0\Common7\IDE\Extensions\Microsoft\ADL Tools\2.2.6000.1\Microsoft.Cosmos.Table.Client.dll
    devenv.exe Warning: 0 : Assembly Resolve request in CompilerServicesAppDomain: C:\Program Files (x86)\Microsoft Visual Studio 14.0\Common7\IDE\Extensions\Microsoft\ADL Tools\2.2.6000.1\Microsoft.Cosmos.Table.Client.exe
    devenv.exe Warning: 0 : Assembly Resolve request in CompilerServicesAppDomain: C:\Program Files (x86)\Microsoft Visual Studio 14.0\Common7\IDE\Extensions\Microsoft\ADL Tools\2.2.6000.1\Microsoft.Cosmos.Table.Client.exe
    devenv.exe Warning: 0 : Assembly Resolve request in CompilerServicesAppDomain: Microsoft.Cosmos.Table.Client, Version=10.2.0.0, Culture=neutral, PublicKeyToken=1a5b963c6f0fbeab
    devenv.exe Warning: 0 : Assembly Resolve request in CompilerServicesAppDomain: C:\Program Files (x86)\Microsoft Visual Studio 14.0\Common7\IDE\Extensions\Microsoft\ADL Tools\2.2.6000.1\Microsoft.Cosmos.Subscription.Client.dll
    devenv.exe Warning: 0 : Assembly Resolve request in CompilerServicesAppDomain: C:\Program Files (x86)\Microsoft Visual Studio 14.0\Common7\IDE\Extensions\Microsoft\ADL Tools\2.2.6000.1\Microsoft.Cosmos.Subscription.Client.dll
    devenv.exe Warning: 0 : Assembly Resolve request in CompilerServicesAppDomain: C:\Program Files (x86)\Microsoft Visual Studio 14.0\Common7\IDE\Extensions\Microsoft\ADL Tools\2.2.6000.1\Microsoft.Cosmos.Subscription.Client.exe
    devenv.exe Warning: 0 : Assembly Resolve request in CompilerServicesAppDomain: C:\Program Files (x86)\Microsoft Visual Studio 14.0\Common7\IDE\Extensions\Microsoft\ADL Tools\2.2.6000.1\Microsoft.Cosmos.Subscription.Client.exe
    devenv.exe Warning: 0 : Assembly Resolve request in CompilerServicesAppDomain: Microsoft.Cosmos.Subscription.Client, Version=10.2.0.0, Culture=neutral, PublicKeyToken=1a5b963c6f0fbeab
    devenv.exe Warning: 0 : Assembly Resolve request in CompilerServicesAppDomain: C:\Program Files (x86)\Microsoft Visual Studio 14.0\Common7\IDE\Extensions\Microsoft\ADL Tools\2.2.6000.1\Microsoft.Cosmos.Subscription.Client.dll
    devenv.exe Warning: 0 : Assembly Resolve request in CompilerServicesAppDomain: C:\Program Files (x86)\Microsoft Visual Studio 14.0\Common7\IDE\Extensions\Microsoft\ADL Tools\2.2.6000.1\Microsoft.Cosmos.Subscription.Client.dll
    devenv.exe Warning: 0 : Assembly Resolve request in CompilerServicesAppDomain: C:\Program Files (x86)\Microsoft Visual Studio 14.0\Common7\IDE\Extensions\Microsoft\ADL Tools\2.2.6000.1\Microsoft.Cosmos.Subscription.Client.exe
    devenv.exe Warning: 0 : Assembly Resolve request in CompilerServicesAppDomain: C:\Program Files (x86)\Microsoft Visual Studio 14.0\Common7\IDE\Extensions\Microsoft\ADL Tools\2.2.6000.1\Microsoft.Cosmos.Subscription.Client.exe
    devenv.exe Warning: 0 : Assembly Resolve request in CompilerServicesAppDomain: Microsoft.Cosmos.Subscription.Client, Version=10.2.0.0, Culture=neutral, PublicKeyToken=1a5b963c6f0fbeab
    devenv.exe Warning: 0 : Assembly Resolve request in CompilerServicesAppDomain: C:\Program Files (x86)\Microsoft Visual Studio 14.0\Common7\IDE\Extensions\Microsoft\ADL Tools\2.2.6000.1\Microsoft.Cosmos.Table.Client.dll
    devenv.exe Warning: 0 : Assembly Resolve request in CompilerServicesAppDomain: C:\Program Files (x86)\Microsoft Visual Studio 14.0\Common7\IDE\Extensions\Microsoft\ADL Tools\2.2.6000.1\Microsoft.Cosmos.Table.Client.dll
    devenv.exe Warning: 0 : Assembly Resolve request in CompilerServicesAppDomain: C:\Program Files (x86)\Microsoft Visual Studio 14.0\Common7\IDE\Extensions\Microsoft\ADL Tools\2.2.6000.1\Microsoft.Cosmos.Table.Client.exe
    devenv.exe Warning: 0 : Assembly Resolve request in CompilerServicesAppDomain: C:\Program Files (x86)\Microsoft Visual Studio 14.0\Common7\IDE\Extensions\Microsoft\ADL Tools\2.2.6000.1\Microsoft.Cosmos.Table.Client.exe
    devenv.exe Warning: 0 : Assembly Resolve request in CompilerServicesAppDomain: Microsoft.Cosmos.Table.Client, Version=10.2.0.0, Culture=neutral, PublicKeyToken=1a5b963c6f0fbeab
    devenv.exe Warning: 0 : Assembly Resolve request in CompilerServicesAppDomain: C:\Program Files (x86)\Microsoft Visual Studio 14.0\Common7\IDE\Extensions\Microsoft\ADL Tools\2.2.6000.1\Microsoft.Cosmos.PubSub.Tools.Common.dll
    devenv.exe Warning: 0 : Assembly Resolve request in CompilerServicesAppDomain: C:\Program Files (x86)\Microsoft Visual Studio 14.0\Common7\IDE\Extensions\Microsoft\ADL Tools\2.2.6000.1\Microsoft.Cosmos.PubSub.Tools.Common.dll
    devenv.exe Warning: 0 : Assembly Resolve request in CompilerServicesAppDomain: C:\Program Files (x86)\Microsoft Visual Studio 14.0\Common7\IDE\Extensions\Microsoft\ADL Tools\2.2.6000.1\Microsoft.Cosmos.PubSub.Tools.Common.exe
    devenv.exe Warning: 0 : Assembly Resolve request in CompilerServicesAppDomain: C:\Program Files (x86)\Microsoft Visual Studio 14.0\Common7\IDE\Extensions\Microsoft\ADL Tools\2.2.6000.1\Microsoft.Cosmos.PubSub.Tools.Common.exe
    devenv.exe Warning: 0 : Assembly Resolve request in CompilerServicesAppDomain: Microsoft.Cosmos.PubSub.Tools.Common, Version=10.2.0.0, Culture=neutral, PublicKeyToken=1a5b963c6f0fbeab
    devenv.exe Warning: 0 : Assembly Resolve request in CompilerServicesAppDomain: C:\Program Files (x86)\Microsoft Visual Studio 14.0\Common7\IDE\Extensions\Microsoft\ADL Tools\2.2.6000.1\Microsoft.Cosmos.Client.Interfaces.dll
    devenv.exe Warning: 0 : Assembly Resolve request in CompilerServicesAppDomain: C:\Program Files (x86)\Microsoft Visual Studio 14.0\Common7\IDE\Extensions\Microsoft\ADL Tools\2.2.6000.1\Microsoft.Cosmos.Client.Interfaces.dll
    devenv.exe Warning: 0 : Assembly Resolve request in CompilerServicesAppDomain: C:\Program Files (x86)\Microsoft Visual Studio 14.0\Common7\IDE\Extensions\Microsoft\ADL Tools\2.2.6000.1\Microsoft.Cosmos.Client.Interfaces.exe
    devenv.exe Warning: 0 : Assembly Resolve request in CompilerServicesAppDomain: C:\Program Files (x86)\Microsoft Visual Studio 14.0\Common7\IDE\Extensions\Microsoft\ADL Tools\2.2.6000.1\Microsoft.Cosmos.Client.Interfaces.exe
    devenv.exe Warning: 0 : Assembly Resolve request in CompilerServicesAppDomain: Microsoft.Cosmos.Client.Interfaces, Version=1.0.0.2, Culture=neutral, PublicKeyToken=2b3b7d495bc8074c
    devenv.exe Warning: 0 : Assembly Resolve request in CompilerServicesAppDomain: C:\Program Files (x86)\Microsoft Visual Studio 14.0\Common7\IDE\Extensions\Microsoft\ADL Tools\2.2.6000.1\Microsoft.Cosmos.Client.Interfaces.dll
    devenv.exe Warning: 0 : Assembly Resolve request in CompilerServicesAppDomain: C:\Program Files (x86)\Microsoft Visual Studio 14.0\Common7\IDE\Extensions\Microsoft\ADL Tools\2.2.6000.1\Microsoft.Cosmos.Client.Interfaces.dll
    devenv.exe Warning: 0 : Assembly Resolve request in CompilerServicesAppDomain: C:\Program Files (x86)\Microsoft Visual Studio 14.0\Common7\IDE\Extensions\Microsoft\ADL Tools\2.2.6000.1\Microsoft.Cosmos.Client.Interfaces.exe
    devenv.exe Warning: 0 : Assembly Resolve request in CompilerServicesAppDomain: C:\Program Files (x86)\Microsoft Visual Studio 14.0\Common7\IDE\Extensions\Microsoft\ADL Tools\2.2.6000.1\Microsoft.Cosmos.Client.Interfaces.exe
    devenv.exe Warning: 0 : Assembly Resolve request in CompilerServicesAppDomain: Microsoft.Cosmos.Client.Interfaces, Version=1.0.0.2, Culture=neutral, PublicKeyToken=2b3b7d495bc8074c
    devenv.exe Warning: 0 : Assembly Resolve request in CompilerServicesAppDomain: C:\Program Files (x86)\Microsoft Visual Studio 14.0\Common7\IDE\Extensions\Microsoft\ADL Tools\2.2.6000.1\Microsoft.Cosmos.Subscription.Contract.Internal.dll
    devenv.exe Warning: 0 : Assembly Resolve request in CompilerServicesAppDomain: C:\Program Files (x86)\Microsoft Visual Studio 14.0\Common7\IDE\Extensions\Microsoft\ADL Tools\2.2.6000.1\Microsoft.Cosmos.Subscription.Contract.Internal.dll
    devenv.exe Warning: 0 : Assembly Resolve request in CompilerServicesAppDomain: C:\Program Files (x86)\Microsoft Visual Studio 14.0\Common7\IDE\Extensions\Microsoft\ADL Tools\2.2.6000.1\Microsoft.Cosmos.Subscription.Contract.Internal.exe
    devenv.exe Warning: 0 : Assembly Resolve request in CompilerServicesAppDomain: C:\Program Files (x86)\Microsoft Visual Studio 14.0\Common7\IDE\Extensions\Microsoft\ADL Tools\2.2.6000.1\Microsoft.Cosmos.Subscription.Contract.Internal.exe
    devenv.exe Warning: 0 : Assembly Resolve request in CompilerServicesAppDomain: Microsoft.Cosmos.Subscription.Contract.Internal, Version=10.2.0.0, Culture=neutral, PublicKeyToken=1a5b963c6f0fbeab
    devenv.exe Warning: 0 : Assembly Resolve request in CompilerServicesAppDomain: C:\Program Files (x86)\Microsoft Visual Studio 14.0\Common7\IDE\Extensions\Microsoft\ADL Tools\2.2.6000.1\Microsoft.Cosmos.Subscription.Contract.dll
    devenv.exe Warning: 0 : Assembly Resolve request in CompilerServicesAppDomain: C:\Program Files (x86)\Microsoft Visual Studio 14.0\Common7\IDE\Extensions\Microsoft\ADL Tools\2.2.6000.1\Microsoft.Cosmos.Subscription.Contract.dll
    devenv.exe Warning: 0 : Assembly Resolve request in CompilerServicesAppDomain: C:\Program Files (x86)\Microsoft Visual Studio 14.0\Common7\IDE\Extensions\Microsoft\ADL Tools\2.2.6000.1\Microsoft.Cosmos.Subscription.Contract.exe
    devenv.exe Warning: 0 : Assembly Resolve request in CompilerServicesAppDomain: C:\Program Files (x86)\Microsoft Visual Studio 14.0\Common7\IDE\Extensions\Microsoft\ADL Tools\2.2.6000.1\Microsoft.Cosmos.Subscription.Contract.exe
    devenv.exe Warning: 0 : Assembly Resolve request in CompilerServicesAppDomain: Microsoft.Cosmos.Subscription.Contract, Version=24.9.0.0, Culture=neutral, PublicKeyToken=1a5b963c6f0fbeab
    devenv.exe Warning: 0 : Assembly Resolve request in CompilerServicesAppDomain: C:\Program Files (x86)\Microsoft Visual Studio 14.0\Common7\IDE\Extensions\Microsoft\ADL Tools\2.2.6000.1\Microsoft.Bond.Interfaces.dll
    devenv.exe Warning: 0 : Assembly Resolve request in CompilerServicesAppDomain: C:\Program Files (x86)\Microsoft Visual Studio 14.0\Common7\IDE\Extensions\Microsoft\ADL Tools\2.2.6000.1\Microsoft.Bond.Interfaces.dll
    devenv.exe Warning: 0 : Assembly Resolve request in CompilerServicesAppDomain: C:\Program Files (x86)\Microsoft Visual Studio 14.0\Common7\IDE\Extensions\Microsoft\ADL Tools\2.2.6000.1\Microsoft.Bond.Interfaces.exe
    devenv.exe Warning: 0 : Assembly Resolve request in CompilerServicesAppDomain: C:\Program Files (x86)\Microsoft Visual Studio 14.0\Common7\IDE\Extensions\Microsoft\ADL Tools\2.2.6000.1\Microsoft.Bond.Interfaces.exe
    devenv.exe Warning: 0 : Assembly Resolve request in CompilerServicesAppDomain: Microsoft.Bond.Interfaces, Version=3.0.3.0, Culture=neutral, PublicKeyToken=cf7230938fec607f
    devenv.exe Warning: 0 : Assembly Resolve request in CompilerServicesAppDomain: C:\Program Files (x86)\Microsoft Visual Studio 14.0\Common7\IDE\Extensions\Microsoft\ADL Tools\2.2.6000.1\Microsoft.Bond.Interfaces.dll
    devenv.exe Warning: 0 : Assembly Resolve request in CompilerServicesAppDomain: C:\Program Files (x86)\Microsoft Visual Studio 14.0\Common7\IDE\Extensions\Microsoft\ADL Tools\2.2.6000.1\Microsoft.Bond.Interfaces.dll
    devenv.exe Warning: 0 : Assembly Resolve request in CompilerServicesAppDomain: C:\Program Files (x86)\Microsoft Visual Studio 14.0\Common7\IDE\Extensions\Microsoft\ADL Tools\2.2.6000.1\Microsoft.Bond.Interfaces.exe
    devenv.exe Warning: 0 : Assembly Resolve request in CompilerServicesAppDomain: C:\Program Files (x86)\Microsoft Visual Studio 14.0\Common7\IDE\Extensions\Microsoft\ADL Tools\2.2.6000.1\Microsoft.Bond.Interfaces.exe
    devenv.exe Warning: 0 : Assembly Resolve request in CompilerServicesAppDomain: Microsoft.Bond.Interfaces, Version=3.0.3.0, Culture=neutral, PublicKeyToken=cf7230938fec607f
    devenv.exe Warning: 0 : Assembly Resolve request in CompilerServicesAppDomain: C:\Program Files (x86)\Microsoft Visual Studio 14.0\Common7\IDE\Extensions\Microsoft\ADL Tools\2.2.6000.1\Microsoft.Bond.Interfaces.dll
    devenv.exe Warning: 0 : Assembly Resolve request in CompilerServicesAppDomain: C:\Program Files (x86)\Microsoft Visual Studio 14.0\Common7\IDE\Extensions\Microsoft\ADL Tools\2.2.6000.1\Microsoft.Bond.Interfaces.dll
    devenv.exe Warning: 0 : Assembly Resolve request in CompilerServicesAppDomain: C:\Program Files (x86)\Microsoft Visual Studio 14.0\Common7\IDE\Extensions\Microsoft\ADL Tools\2.2.6000.1\Microsoft.Bond.Interfaces.exe
    devenv.exe Warning: 0 : Assembly Resolve request in CompilerServicesAppDomain: C:\Program Files (x86)\Microsoft Visual Studio 14.0\Common7\IDE\Extensions\Microsoft\ADL Tools\2.2.6000.1\Microsoft.Bond.Interfaces.exe
    devenv.exe Warning: 0 : Assembly Resolve request in CompilerServicesAppDomain: Microsoft.Bond.Interfaces, Version=3.0.3.0, Culture=neutral, PublicKeyToken=cf7230938fec607f
    devenv.exe Warning: 0 : Assembly Resolve request in CompilerServicesAppDomain: C:\Program Files (x86)\Microsoft Visual Studio 14.0\Common7\IDE\Extensions\Microsoft\ADL Tools\2.2.6000.1\Microsoft.Bond.Interfaces.dll
    devenv.exe Warning: 0 : Assembly Resolve request in CompilerServicesAppDomain: C:\Program Files (x86)\Microsoft Visual Studio 14.0\Common7\IDE\Extensions\Microsoft\ADL Tools\2.2.6000.1\Microsoft.Bond.Interfaces.dll
    devenv.exe Warning: 0 : Assembly Resolve request in CompilerServicesAppDomain: C:\Program Files (x86)\Microsoft Visual Studio 14.0\Common7\IDE\Extensions\Microsoft\ADL Tools\2.2.6000.1\Microsoft.Bond.Interfaces.exe
    devenv.exe Warning: 0 : Assembly Resolve request in CompilerServicesAppDomain: C:\Program Files (x86)\Microsoft Visual Studio 14.0\Common7\IDE\Extensions\Microsoft\ADL Tools\2.2.6000.1\Microsoft.Bond.Interfaces.exe
    devenv.exe Warning: 0 : Assembly Resolve request in CompilerServicesAppDomain: Microsoft.Bond.Interfaces, Version=3.0.3.0, Culture=neutral, PublicKeyToken=cf7230938fec607f
    devenv.exe Warning: 0 : Assembly Resolve request in CompilerServicesAppDomain: C:\Program Files (x86)\Microsoft Visual Studio 14.0\Common7\IDE\Extensions\Microsoft\ADL Tools\2.2.6000.1\Microsoft.Bond.Interfaces.dll
    devenv.exe Warning: 0 : Assembly Resolve request in CompilerServicesAppDomain: C:\Program Files (x86)\Microsoft Visual Studio 14.0\Common7\IDE\Extensions\Microsoft\ADL Tools\2.2.6000.1\Microsoft.Bond.Interfaces.dll
    devenv.exe Warning: 0 : Assembly Resolve request in CompilerServicesAppDomain: C:\Program Files (x86)\Microsoft Visual Studio 14.0\Common7\IDE\Extensions\Microsoft\ADL Tools\2.2.6000.1\Microsoft.Bond.Interfaces.exe
    devenv.exe Warning: 0 : Assembly Resolve request in CompilerServicesAppDomain: C:\Program Files (x86)\Microsoft Visual Studio 14.0\Common7\IDE\Extensions\Microsoft\ADL Tools\2.2.6000.1\Microsoft.Bond.Interfaces.exe
    devenv.exe Warning: 0 : Assembly Resolve request in CompilerServicesAppDomain: Microsoft.Bond.Interfaces, Version=3.0.3.0, Culture=neutral, PublicKeyToken=cf7230938fec607f
    devenv.exe Warning: 0 : Assembly Resolve request in CompilerServicesAppDomain: C:\Program Files (x86)\Microsoft Visual Studio 14.0\Common7\IDE\Extensions\Microsoft\ADL Tools\2.2.6000.1\Microsoft.Cosmos.FrontEnd.WebService.Client.dll
    devenv.exe Warning: 0 : Assembly Resolve request in CompilerServicesAppDomain: C:\Program Files (x86)\Microsoft Visual Studio 14.0\Common7\IDE\Extensions\Microsoft\ADL Tools\2.2.6000.1\Microsoft.Cosmos.FrontEnd.WebService.Client.dll
    devenv.exe Warning: 0 : Assembly Resolve request in CompilerServicesAppDomain: C:\Program Files (x86)\Microsoft Visual Studio 14.0\Common7\IDE\Extensions\Microsoft\ADL Tools\2.2.6000.1\Microsoft.Cosmos.FrontEnd.WebService.Client.exe
    devenv.exe Warning: 0 : Assembly Resolve request in CompilerServicesAppDomain: C:\Program Files (x86)\Microsoft Visual Studio 14.0\Common7\IDE\Extensions\Microsoft\ADL Tools\2.2.6000.1\Microsoft.Cosmos.FrontEnd.WebService.Client.exe
    devenv.exe Warning: 0 : Assembly Resolve request in CompilerServicesAppDomain: Microsoft.Cosmos.FrontEnd.WebService.Client, Version=10.2.0.0, Culture=neutral, PublicKeyToken=1a5b963c6f0fbeab
    devenv.exe Warning: 0 : Assembly Resolve request in CompilerServicesAppDomain: C:\Program Files (x86)\Microsoft Visual Studio 14.0\Common7\IDE\Extensions\Microsoft\ADL Tools\2.2.6000.1\Microsoft.Cosmos.FrontEnd.WebService.Client.dll
    devenv.exe Warning: 0 : Assembly Resolve request in CompilerServicesAppDomain: C:\Program Files (x86)\Microsoft Visual Studio 14.0\Common7\IDE\Extensions\Microsoft\ADL Tools\2.2.6000.1\Microsoft.Cosmos.FrontEnd.WebService.Client.dll
    devenv.exe Warning: 0 : Assembly Resolve request in CompilerServicesAppDomain: C:\Program Files (x86)\Microsoft Visual Studio 14.0\Common7\IDE\Extensions\Microsoft\ADL Tools\2.2.6000.1\Microsoft.Cosmos.FrontEnd.WebService.Client.exe
    devenv.exe Warning: 0 : Assembly Resolve request in CompilerServicesAppDomain: C:\Program Files (x86)\Microsoft Visual Studio 14.0\Common7\IDE\Extensions\Microsoft\ADL Tools\2.2.6000.1\Microsoft.Cosmos.FrontEnd.WebService.Client.exe
    devenv.exe Warning: 0 : Assembly Resolve request in CompilerServicesAppDomain: Microsoft.Cosmos.FrontEnd.WebService.Client, Version=10.2.0.0, Culture=neutral, PublicKeyToken=1a5b963c6f0fbeab
    devenv.exe Warning: 0 : Assembly Resolve request in CompilerServicesAppDomain: C:\Program Files (x86)\Microsoft Visual Studio 14.0\Common7\IDE\Extensions\Microsoft\ADL Tools\2.2.6000.1\Microsoft.Cosmos.FrontEnd.WebService.Client.dll
    devenv.exe Warning: 0 : Assembly Resolve request in CompilerServicesAppDomain: C:\Program Files (x86)\Microsoft Visual Studio 14.0\Common7\IDE\Extensions\Microsoft\ADL Tools\2.2.6000.1\Microsoft.Cosmos.FrontEnd.WebService.Client.dll
    devenv.exe Warning: 0 : Assembly Resolve request in CompilerServicesAppDomain: C:\Program Files (x86)\Microsoft Visual Studio 14.0\Common7\IDE\Extensions\Microsoft\ADL Tools\2.2.6000.1\Microsoft.Cosmos.FrontEnd.WebService.Client.exe
    devenv.exe Warning: 0 : Assembly Resolve request in CompilerServicesAppDomain: C:\Program Files (x86)\Microsoft Visual Studio 14.0\Common7\IDE\Extensions\Microsoft\ADL Tools\2.2.6000.1\Microsoft.Cosmos.FrontEnd.WebService.Client.exe
    devenv.exe Warning: 0 : Assembly Resolve request in CompilerServicesAppDomain: Microsoft.Cosmos.FrontEnd.WebService.Client, Version=10.2.0.0, Culture=neutral, PublicKeyToken=1a5b963c6f0fbeab
    devenv.exe Warning: 0 : Assembly Resolve request in CompilerServicesAppDomain: C:\Program Files (x86)\Microsoft Visual Studio 14.0\Common7\IDE\Extensions\Microsoft\ADL Tools\2.2.6000.1\Microsoft.Cosmos.Client.Interfaces.dll
    devenv.exe Warning: 0 : Assembly Resolve request in CompilerServicesAppDomain: C:\Program Files (x86)\Microsoft Visual Studio 14.0\Common7\IDE\Extensions\Microsoft\ADL Tools\2.2.6000.1\Microsoft.Cosmos.Client.Interfaces.dll
    devenv.exe Warning: 0 : Assembly Resolve request in CompilerServicesAppDomain: C:\Program Files (x86)\Microsoft Visual Studio 14.0\Common7\IDE\Extensions\Microsoft\ADL Tools\2.2.6000.1\Microsoft.Cosmos.Client.Interfaces.exe
    devenv.exe Warning: 0 : Assembly Resolve request in CompilerServicesAppDomain: C:\Program Files (x86)\Microsoft Visual Studio 14.0\Common7\IDE\Extensions\Microsoft\ADL Tools\2.2.6000.1\Microsoft.Cosmos.Client.Interfaces.exe
    devenv.exe Warning: 0 : Assembly Resolve request in CompilerServicesAppDomain: Microsoft.Cosmos.Client.Interfaces, Version=1.0.0.2, Culture=neutral, PublicKeyToken=2b3b7d495bc8074c
    devenv.exe Warning: 0 : Assembly Resolve request in CompilerServicesAppDomain: C:\Program Files (x86)\Microsoft Visual Studio 14.0\Common7\IDE\Extensions\Microsoft\ADL Tools\2.2.6000.1\Microsoft.Cosmos.Subscription.Contract.dll
    devenv.exe Warning: 0 : Assembly Resolve request in CompilerServicesAppDomain: C:\Program Files (x86)\Microsoft Visual Studio 14.0\Common7\IDE\Extensions\Microsoft\ADL Tools\2.2.6000.1\Microsoft.Cosmos.Subscription.Contract.dll
    devenv.exe Warning: 0 : Assembly Resolve request in CompilerServicesAppDomain: C:\Program Files (x86)\Microsoft Visual Studio 14.0\Common7\IDE\Extensions\Microsoft\ADL Tools\2.2.6000.1\Microsoft.Cosmos.Subscription.Contract.exe
    devenv.exe Warning: 0 : Assembly Resolve request in CompilerServicesAppDomain: C:\Program Files (x86)\Microsoft Visual Studio 14.0\Common7\IDE\Extensions\Microsoft\ADL Tools\2.2.6000.1\Microsoft.Cosmos.Subscription.Contract.exe
    devenv.exe Warning: 0 : Assembly Resolve request in CompilerServicesAppDomain: Microsoft.Cosmos.Subscription.Contract, Version=24.9.0.0, Culture=neutral, PublicKeyToken=1a5b963c6f0fbeab
    devenv.exe Warning: 0 : Assembly Resolve request in CompilerServicesAppDomain: C:\Program Files (x86)\Microsoft Visual Studio 14.0\Common7\IDE\Extensions\Microsoft\ADL Tools\2.2.6000.1\Microsoft.Cosmos.Table.Contract.dll
    devenv.exe Warning: 0 : Assembly Resolve request in CompilerServicesAppDomain: C:\Program Files (x86)\Microsoft Visual Studio 14.0\Common7\IDE\Extensions\Microsoft\ADL Tools\2.2.6000.1\Microsoft.Cosmos.Table.Contract.dll
    devenv.exe Warning: 0 : Assembly Resolve request in CompilerServicesAppDomain: C:\Program Files (x86)\Microsoft Visual Studio 14.0\Common7\IDE\Extensions\Microsoft\ADL Tools\2.2.6000.1\Microsoft.Cosmos.Table.Contract.exe
    devenv.exe Warning: 0 : Assembly Resolve request in CompilerServicesAppDomain: C:\Program Files (x86)\Microsoft Visual Studio 14.0\Common7\IDE\Extensions\Microsoft\ADL Tools\2.2.6000.1\Microsoft.Cosmos.Table.Contract.exe
    devenv.exe Warning: 0 : Assembly Resolve request in CompilerServicesAppDomain: Microsoft.Cosmos.Table.Contract, Version=24.9.0.0, Culture=neutral, PublicKeyToken=1a5b963c6f0fbeab
    devenv.exe Warning: 0 : Assembly Resolve request in CompilerServicesAppDomain: C:\Program Files (x86)\Microsoft Visual Studio 14.0\Common7\IDE\Extensions\Microsoft\ADL Tools\2.2.6000.1\Microsoft.Bond.Interfaces.dll
    devenv.exe Warning: 0 : Assembly Resolve request in CompilerServicesAppDomain: C:\Program Files (x86)\Microsoft Visual Studio 14.0\Common7\IDE\Extensions\Microsoft\ADL Tools\2.2.6000.1\Microsoft.Bond.Interfaces.dll
    devenv.exe Warning: 0 : Assembly Resolve request in CompilerServicesAppDomain: C:\Program Files (x86)\Microsoft Visual Studio 14.0\Common7\IDE\Extensions\Microsoft\ADL Tools\2.2.6000.1\Microsoft.Bond.Interfaces.exe
    devenv.exe Warning: 0 : Assembly Resolve request in CompilerServicesAppDomain: C:\Program Files (x86)\Microsoft Visual Studio 14.0\Common7\IDE\Extensions\Microsoft\ADL Tools\2.2.6000.1\Microsoft.Bond.Interfaces.exe
    devenv.exe Warning: 0 : Assembly Resolve request in CompilerServicesAppDomain: Microsoft.Bond.Interfaces, Version=3.0.3.0, Culture=neutral, PublicKeyToken=cf7230938fec607f
    devenv.exe Warning: 0 : Assembly Resolve request in CompilerServicesAppDomain: C:\Program Files (x86)\Microsoft Visual Studio 14.0\Common7\IDE\Extensions\Microsoft\ADL Tools\2.2.6000.1\Microsoft.Bond.Interfaces.dll
    devenv.exe Warning: 0 : Assembly Resolve request in CompilerServicesAppDomain: C:\Program Files (x86)\Microsoft Visual Studio 14.0\Common7\IDE\Extensions\Microsoft\ADL Tools\2.2.6000.1\Microsoft.Bond.Interfaces.dll
    devenv.exe Warning: 0 : Assembly Resolve request in CompilerServicesAppDomain: C:\Program Files (x86)\Microsoft Visual Studio 14.0\Common7\IDE\Extensions\Microsoft\ADL Tools\2.2.6000.1\Microsoft.Bond.Interfaces.exe
    devenv.exe Warning: 0 : Assembly Resolve request in CompilerServicesAppDomain: C:\Program Files (x86)\Microsoft Visual Studio 14.0\Common7\IDE\Extensions\Microsoft\ADL Tools\2.2.6000.1\Microsoft.Bond.Interfaces.exe
    devenv.exe Warning: 0 : Assembly Resolve request in CompilerServicesAppDomain: Microsoft.Bond.Interfaces, Version=3.0.3.0, Culture=neutral, PublicKeyToken=cf7230938fec607f
    devenv.exe Warning: 0 : Assembly Resolve request in CompilerServicesAppDomain: C:\Program Files (x86)\Microsoft Visual Studio 14.0\Common7\IDE\Extensions\Microsoft\ADL Tools\2.2.6000.1\Microsoft.Bond.Interfaces.dll
    devenv.exe Warning: 0 : Assembly Resolve request in CompilerServicesAppDomain: C:\Program Files (x86)\Microsoft Visual Studio 14.0\Common7\IDE\Extensions\Microsoft\ADL Tools\2.2.6000.1\Microsoft.Bond.Interfaces.dll
    devenv.exe Warning: 0 : Assembly Resolve request in CompilerServicesAppDomain: C:\Program Files (x86)\Microsoft Visual Studio 14.0\Common7\IDE\Extensions\Microsoft\ADL Tools\2.2.6000.1\Microsoft.Bond.Interfaces.exe
    devenv.exe Warning: 0 : Assembly Resolve request in CompilerServicesAppDomain: C:\Program Files (x86)\Microsoft Visual Studio 14.0\Common7\IDE\Extensions\Microsoft\ADL Tools\2.2.6000.1\Microsoft.Bond.Interfaces.exe
    devenv.exe Warning: 0 : Assembly Resolve request in CompilerServicesAppDomain: Microsoft.Bond.Interfaces, Version=3.0.3.0, Culture=neutral, PublicKeyToken=cf7230938fec607f
    devenv.exe Warning: 0 : Assembly Resolve request in CompilerServicesAppDomain: C:\Program Files (x86)\Microsoft Visual Studio 14.0\Common7\IDE\Extensions\Microsoft\ADL Tools\2.2.6000.1\Microsoft.Bond.Interfaces.dll
    devenv.exe Warning: 0 : Assembly Resolve request in CompilerServicesAppDomain: C:\Program Files (x86)\Microsoft Visual Studio 14.0\Common7\IDE\Extensions\Microsoft\ADL Tools\2.2.6000.1\Microsoft.Bond.Interfaces.dll
    devenv.exe Warning: 0 : Assembly Resolve request in CompilerServicesAppDomain: C:\Program Files (x86)\Microsoft Visual Studio 14.0\Common7\IDE\Extensions\Microsoft\ADL Tools\2.2.6000.1\Microsoft.Bond.Interfaces.exe
    devenv.exe Warning: 0 : Assembly Resolve request in CompilerServicesAppDomain: C:\Program Files (x86)\Microsoft Visual Studio 14.0\Common7\IDE\Extensions\Microsoft\ADL Tools\2.2.6000.1\Microsoft.Bond.Interfaces.exe
    devenv.exe Warning: 0 : Assembly Resolve request in CompilerServicesAppDomain: Microsoft.Bond.Interfaces, Version=3.0.3.0, Culture=neutral, PublicKeyToken=cf7230938fec607f
    devenv.exe Warning: 0 : Assembly Resolve request in CompilerServicesAppDomain: C:\Program Files (x86)\Microsoft Visual Studio 14.0\Common7\IDE\Extensions\Microsoft\ADL Tools\2.2.6000.1\Microsoft.Bond.Interfaces.dll
    devenv.exe Warning: 0 : Assembly Resolve request in CompilerServicesAppDomain: C:\Program Files (x86)\Microsoft Visual Studio 14.0\Common7\IDE\Extensions\Microsoft\ADL Tools\2.2.6000.1\Microsoft.Bond.Interfaces.dll
    devenv.exe Warning: 0 : Assembly Resolve request in CompilerServicesAppDomain: C:\Program Files (x86)\Microsoft Visual Studio 14.0\Common7\IDE\Extensions\Microsoft\ADL Tools\2.2.6000.1\Microsoft.Bond.Interfaces.exe
    devenv.exe Warning: 0 : Assembly Resolve request in CompilerServicesAppDomain: C:\Program Files (x86)\Microsoft Visual Studio 14.0\Common7\IDE\Extensions\Microsoft\ADL Tools\2.2.6000.1\Microsoft.Bond.Interfaces.exe
    devenv.exe Warning: 0 : Assembly Resolve request in CompilerServicesAppDomain: Microsoft.Bond.Interfaces, Version=3.0.3.0, Culture=neutral, PublicKeyToken=cf7230938fec607f
    devenv.exe Warning: 0 : Assembly Resolve request in CompilerServicesAppDomain: C:\Program Files (x86)\Microsoft Visual Studio 14.0\Common7\IDE\Extensions\Microsoft\ADL Tools\2.2.6000.1\ScopeEngineManaged.dll
    devenv.exe Warning: 0 : Assembly Resolve request in CompilerServicesAppDomain: C:\Program Files (x86)\Microsoft Visual Studio 14.0\Common7\IDE\Extensions\Microsoft\ADL Tools\2.2.6000.1\ScopeEngineManaged.dll
    devenv.exe Warning: 0 : Assembly Resolve request in CompilerServicesAppDomain: C:\Program Files (x86)\Microsoft Visual Studio 14.0\Common7\IDE\Extensions\Microsoft\ADL Tools\2.2.6000.1\ScopeEngineManaged.exe
    devenv.exe Warning: 0 : Assembly Resolve request in CompilerServicesAppDomain: C:\Program Files (x86)\Microsoft Visual Studio 14.0\Common7\IDE\Extensions\Microsoft\ADL Tools\2.2.6000.1\ScopeEngineManaged.exe
    devenv.exe Warning: 0 : Assembly Resolve request in CompilerServicesAppDomain: ScopeEngineManaged, Version=10.2.0.0, Culture=neutral, PublicKeyToken=a06e40edc83d4f79
    devenv.exe Warning: 0 : Assembly Resolve request in CompilerServicesAppDomain: C:\Program Files (x86)\Microsoft Visual Studio 14.0\Common7\IDE\Extensions\Microsoft\ADL Tools\2.2.6000.1\Microsoft.Bond.Interfaces.dll
    devenv.exe Warning: 0 : Assembly Resolve request in CompilerServicesAppDomain: C:\Program Files (x86)\Microsoft Visual Studio 14.0\Common7\IDE\Extensions\Microsoft\ADL Tools\2.2.6000.1\Microsoft.Bond.Interfaces.dll
    devenv.exe Warning: 0 : Assembly Resolve request in CompilerServicesAppDomain: C:\Program Files (x86)\Microsoft Visual Studio 14.0\Common7\IDE\Extensions\Microsoft\ADL Tools\2.2.6000.1\Microsoft.Bond.Interfaces.exe
    devenv.exe Warning: 0 : Assembly Resolve request in CompilerServicesAppDomain: C:\Program Files (x86)\Microsoft Visual Studio 14.0\Common7\IDE\Extensions\Microsoft\ADL Tools\2.2.6000.1\Microsoft.Bond.Interfaces.exe
    devenv.exe Warning: 0 : Assembly Resolve request in CompilerServicesAppDomain: Microsoft.Bond.Interfaces, Version=3.0.3.0, Culture=neutral, PublicKeyToken=cf7230938fec607f
    devenv.exe Warning: 0 : Assembly Resolve request in CompilerServicesAppDomain: C:\Program Files (x86)\Microsoft Visual Studio 14.0\Common7\IDE\Extensions\Microsoft\ADL Tools\2.2.6000.1\Microsoft.Scope.Dependencies.Cosmos.dll
    devenv.exe Warning: 0 : Assembly Resolve request in CompilerServicesAppDomain: C:\Program Files (x86)\Microsoft Visual Studio 14.0\Common7\IDE\Extensions\Microsoft\ADL Tools\2.2.6000.1\Microsoft.Scope.Dependencies.Cosmos.dll
    devenv.exe Warning: 0 : Assembly Resolve request in CompilerServicesAppDomain: C:\Program Files (x86)\Microsoft Visual Studio 14.0\Common7\IDE\Extensions\Microsoft\ADL Tools\2.2.6000.1\Microsoft.Scope.Dependencies.Cosmos.exe
    devenv.exe Warning: 0 : Assembly Resolve request in CompilerServicesAppDomain: C:\Program Files (x86)\Microsoft Visual Studio 14.0\Common7\IDE\Extensions\Microsoft\ADL Tools\2.2.6000.1\Microsoft.Scope.Dependencies.Cosmos.exe
    devenv.exe Warning: 0 : Assembly Resolve request in CompilerServicesAppDomain: Microsoft.Scope.Dependencies.Cosmos, Version=1.0.0.0, Culture=neutral, PublicKeyToken=9f877b68b06e0b5e
    devenv.exe Warning: 0 : Assembly Resolve request in CompilerServicesAppDomain: C:\Program Files (x86)\Microsoft Visual Studio 14.0\Common7\IDE\Extensions\Microsoft\ADL Tools\2.2.6000.1\Microsoft.Scope.Dependencies.Cosmos.dll
    devenv.exe Warning: 0 : Assembly Resolve request in CompilerServicesAppDomain: C:\Program Files (x86)\Microsoft Visual Studio 14.0\Common7\IDE\Extensions\Microsoft\ADL Tools\2.2.6000.1\Microsoft.Scope.Dependencies.Cosmos.dll
    devenv.exe Warning: 0 : Assembly Resolve request in CompilerServicesAppDomain: C:\Program Files (x86)\Microsoft Visual Studio 14.0\Common7\IDE\Extensions\Microsoft\ADL Tools\2.2.6000.1\Microsoft.Scope.Dependencies.Cosmos.exe
    devenv.exe Warning: 0 : Assembly Resolve request in CompilerServicesAppDomain: C:\Program Files (x86)\Microsoft Visual Studio 14.0\Common7\IDE\Extensions\Microsoft\ADL Tools\2.2.6000.1\Microsoft.Scope.Dependencies.Cosmos.exe
    devenv.exe Warning: 0 : Assembly Resolve request in CompilerServicesAppDomain: Microsoft.Scope.Dependencies.Cosmos, Version=1.0.0.0, Culture=neutral, PublicKeyToken=9f877b68b06e0b5e
    devenv.exe Warning: 0 : Assembly Resolve request in CompilerServicesAppDomain: C:\Program Files (x86)\Microsoft Visual Studio 14.0\Common7\IDE\Extensions\Microsoft\ADL Tools\2.2.6000.1\Microsoft.Scope.Dependencies.Cosmos.dll
    devenv.exe Warning: 0 : Assembly Resolve request in CompilerServicesAppDomain: C:\Program Files (x86)\Microsoft Visual Studio 14.0\Common7\IDE\Extensions\Microsoft\ADL Tools\2.2.6000.1\Microsoft.Scope.Dependencies.Cosmos.dll
    devenv.exe Warning: 0 : Assembly Resolve request in CompilerServicesAppDomain: C:\Program Files (x86)\Microsoft Visual Studio 14.0\Common7\IDE\Extensions\Microsoft\ADL Tools\2.2.6000.1\Microsoft.Scope.Dependencies.Cosmos.exe
    devenv.exe Warning: 0 : Assembly Resolve request in CompilerServicesAppDomain: C:\Program Files (x86)\Microsoft Visual Studio 14.0\Common7\IDE\Extensions\Microsoft\ADL Tools\2.2.6000.1\Microsoft.Scope.Dependencies.Cosmos.exe
    devenv.exe Warning: 0 : Assembly Resolve request in CompilerServicesAppDomain: Microsoft.Scope.Dependencies.Cosmos, Version=1.0.0.0, Culture=neutral, PublicKeyToken=9f877b68b06e0b5e
    devenv.exe Warning: 0 : Assembly Resolve request in CompilerServicesAppDomain: C:\Program Files (x86)\Microsoft Visual Studio 14.0\Common7\IDE\Extensions\Microsoft\ADL Tools\2.2.6000.1\Microsoft.Scope.Dependencies.Cosmos.dll
    devenv.exe Warning: 0 : Assembly Resolve request in CompilerServicesAppDomain: C:\Program Files (x86)\Microsoft Visual Studio 14.0\Common7\IDE\Extensions\Microsoft\ADL Tools\2.2.6000.1\Microsoft.Scope.Dependencies.Cosmos.dll
    devenv.exe Warning: 0 : Assembly Resolve request in CompilerServicesAppDomain: C:\Program Files (x86)\Microsoft Visual Studio 14.0\Common7\IDE\Extensions\Microsoft\ADL Tools\2.2.6000.1\Microsoft.Scope.Dependencies.Cosmos.exe
    devenv.exe Warning: 0 : Assembly Resolve request in CompilerServicesAppDomain: C:\Program Files (x86)\Microsoft Visual Studio 14.0\Common7\IDE\Extensions\Microsoft\ADL Tools\2.2.6000.1\Microsoft.Scope.Dependencies.Cosmos.exe
    devenv.exe Warning: 0 : Assembly Resolve request in CompilerServicesAppDomain: Microsoft.Scope.Dependencies.Cosmos, Version=1.0.0.0, Culture=neutral, PublicKeyToken=9f877b68b06e0b5e
    devenv.exe Warning: 0 : Assembly Resolve request in CompilerServicesAppDomain: C:\Program Files (x86)\Microsoft Visual Studio 14.0\Common7\IDE\Extensions\Microsoft\ADL Tools\2.2.6000.1\Microsoft.Scope.Dependencies.Cosmos.dll
    devenv.exe Warning: 0 : Assembly Resolve request in CompilerServicesAppDomain: C:\Program Files (x86)\Microsoft Visual Studio 14.0\Common7\IDE\Extensions\Microsoft\ADL Tools\2.2.6000.1\Microsoft.Scope.Dependencies.Cosmos.dll
    devenv.exe Warning: 0 : Assembly Resolve request in CompilerServicesAppDomain: C:\Program Files (x86)\Microsoft Visual Studio 14.0\Common7\IDE\Extensions\Microsoft\ADL Tools\2.2.6000.1\Microsoft.Scope.Dependencies.Cosmos.exe
    devenv.exe Warning: 0 : Assembly Resolve request in CompilerServicesAppDomain: C:\Program Files (x86)\Microsoft Visual Studio 14.0\Common7\IDE\Extensions\Microsoft\ADL Tools\2.2.6000.1\Microsoft.Scope.Dependencies.Cosmos.exe
    devenv.exe Warning: 0 : Assembly Resolve request in CompilerServicesAppDomain: Microsoft.Scope.Dependencies.Cosmos, Version=1.0.0.0, Culture=neutral, PublicKeyToken=9f877b68b06e0b5e
    devenv.exe Warning: 0 : Assembly Resolve request in CompilerServicesAppDomain: C:\Program Files (x86)\Microsoft Visual Studio 14.0\Common7\IDE\Extensions\Microsoft\ADL Tools\2.2.6000.1\Microsoft.Scope.Dependencies.Cosmos.dll
    devenv.exe Warning: 0 : Assembly Resolve request in CompilerServicesAppDomain: C:\Program Files (x86)\Microsoft Visual Studio 14.0\Common7\IDE\Extensions\Microsoft\ADL Tools\2.2.6000.1\Microsoft.Scope.Dependencies.Cosmos.dll
    devenv.exe Warning: 0 : Assembly Resolve request in CompilerServicesAppDomain: C:\Program Files (x86)\Microsoft Visual Studio 14.0\Common7\IDE\Extensions\Microsoft\ADL Tools\2.2.6000.1\Microsoft.Scope.Dependencies.Cosmos.exe
    devenv.exe Warning: 0 : Assembly Resolve request in CompilerServicesAppDomain: C:\Program Files (x86)\Microsoft Visual Studio 14.0\Common7\IDE\Extensions\Microsoft\ADL Tools\2.2.6000.1\Microsoft.Scope.Dependencies.Cosmos.exe
    devenv.exe Warning: 0 : Assembly Resolve request in CompilerServicesAppDomain: Microsoft.Scope.Dependencies.Cosmos, Version=1.0.0.0, Culture=neutral, PublicKeyToken=9f877b68b06e0b5e
    devenv.exe Warning: 0 : Assembly Resolve request in CompilerServicesAppDomain: C:\Program Files (x86)\Microsoft Visual Studio 14.0\Common7\IDE\Extensions\Microsoft\ADL Tools\2.2.6000.1\Microsoft.Scope.Dependencies.Cosmos.dll
    devenv.exe Warning: 0 : Assembly Resolve request in CompilerServicesAppDomain: C:\Program Files (x86)\Microsoft Visual Studio 14.0\Common7\IDE\Extensions\Microsoft\ADL Tools\2.2.6000.1\Microsoft.Scope.Dependencies.Cosmos.dll
    devenv.exe Warning: 0 : Assembly Resolve request in CompilerServicesAppDomain: C:\Program Files (x86)\Microsoft Visual Studio 14.0\Common7\IDE\Extensions\Microsoft\ADL Tools\2.2.6000.1\Microsoft.Scope.Dependencies.Cosmos.exe
    devenv.exe Warning: 0 : Assembly Resolve request in CompilerServicesAppDomain: C:\Program Files (x86)\Microsoft Visual Studio 14.0\Common7\IDE\Extensions\Microsoft\ADL Tools\2.2.6000.1\Microsoft.Scope.Dependencies.Cosmos.exe
    devenv.exe Warning: 0 : Assembly Resolve request in CompilerServicesAppDomain: Microsoft.Scope.Dependencies.Cosmos, Version=1.0.0.0, Culture=neutral, PublicKeyToken=9f877b68b06e0b5e
    devenv.exe Warning: 0 : Assembly Resolve request in CompilerServicesAppDomain: C:\Program Files (x86)\Microsoft Visual Studio 14.0\Common7\IDE\Extensions\Microsoft\ADL Tools\2.2.6000.1\Microsoft.Scope.Dependencies.Cosmos.dll
    devenv.exe Warning: 0 : Assembly Resolve request in CompilerServicesAppDomain: C:\Program Files (x86)\Microsoft Visual Studio 14.0\Common7\IDE\Extensions\Microsoft\ADL Tools\2.2.6000.1\Microsoft.Scope.Dependencies.Cosmos.dll
    devenv.exe Warning: 0 : Assembly Resolve request in CompilerServicesAppDomain: C:\Program Files (x86)\Microsoft Visual Studio 14.0\Common7\IDE\Extensions\Microsoft\ADL Tools\2.2.6000.1\Microsoft.Scope.Dependencies.Cosmos.exe
    devenv.exe Warning: 0 : Assembly Resolve request in CompilerServicesAppDomain: C:\Program Files (x86)\Microsoft Visual Studio 14.0\Common7\IDE\Extensions\Microsoft\ADL Tools\2.2.6000.1\Microsoft.Scope.Dependencies.Cosmos.exe
    devenv.exe Warning: 0 : Assembly Resolve request in CompilerServicesAppDomain: Microsoft.Scope.Dependencies.Cosmos, Version=1.0.0.0, Culture=neutral, PublicKeyToken=9f877b68b06e0b5e
    devenv.exe Warning: 0 : Assembly Resolve request in CompilerServicesAppDomain: C:\Program Files (x86)\Microsoft Visual Studio 14.0\Common7\IDE\Extensions\Microsoft\ADL Tools\2.2.6000.1\Microsoft.Scope.Dependencies.Cosmos.dll
    devenv.exe Warning: 0 : Assembly Resolve request in CompilerServicesAppDomain: C:\Program Files (x86)\Microsoft Visual Studio 14.0\Common7\IDE\Extensions\Microsoft\ADL Tools\2.2.6000.1\Microsoft.Scope.Dependencies.Cosmos.dll
    devenv.exe Warning: 0 : Assembly Resolve request in CompilerServicesAppDomain: C:\Program Files (x86)\Microsoft Visual Studio 14.0\Common7\IDE\Extensions\Microsoft\ADL Tools\2.2.6000.1\Microsoft.Scope.Dependencies.Cosmos.exe
    devenv.exe Warning: 0 : Assembly Resolve request in CompilerServicesAppDomain: C:\Program Files (x86)\Microsoft Visual Studio 14.0\Common7\IDE\Extensions\Microsoft\ADL Tools\2.2.6000.1\Microsoft.Scope.Dependencies.Cosmos.exe
    devenv.exe Warning: 0 : Assembly Resolve request in CompilerServicesAppDomain: Microsoft.Scope.Dependencies.Cosmos, Version=1.0.0.0, Culture=neutral, PublicKeyToken=9f877b68b06e0b5e
    devenv.exe Warning: 0 : Assembly Resolve request in CompilerServicesAppDomain: C:\Program Files (x86)\Microsoft Visual Studio 14.0\Common7\IDE\Extensions\Microsoft\ADL Tools\2.2.6000.1\Microsoft.Scope.Dependencies.Cosmos.dll
    devenv.exe Warning: 0 : Assembly Resolve request in CompilerServicesAppDomain: C:\Program Files (x86)\Microsoft Visual Studio 14.0\Common7\IDE\Extensions\Microsoft\ADL Tools\2.2.6000.1\Microsoft.Scope.Dependencies.Cosmos.dll
    devenv.exe Warning: 0 : Assembly Resolve request in CompilerServicesAppDomain: C:\Program Files (x86)\Microsoft Visual Studio 14.0\Common7\IDE\Extensions\Microsoft\ADL Tools\2.2.6000.1\Microsoft.Scope.Dependencies.Cosmos.exe
    devenv.exe Warning: 0 : Assembly Resolve request in CompilerServicesAppDomain: C:\Program Files (x86)\Microsoft Visual Studio 14.0\Common7\IDE\Extensions\Microsoft\ADL Tools\2.2.6000.1\Microsoft.Scope.Dependencies.Cosmos.exe
    devenv.exe Warning: 0 : Assembly Resolve request in CompilerServicesAppDomain: Microsoft.Scope.Dependencies.Cosmos, Version=1.0.0.0, Culture=neutral, PublicKeyToken=9f877b68b06e0b5e
    devenv.exe Warning: 0 : Assembly Resolve request in CompilerServicesAppDomain: C:\Program Files (x86)\Microsoft Visual Studio 14.0\Common7\IDE\Extensions\Microsoft\ADL Tools\2.2.6000.1\Microsoft.Scope.Dependencies.Cosmos.dll
    devenv.exe Warning: 0 : Assembly Resolve request in CompilerServicesAppDomain: C:\Program Files (x86)\Microsoft Visual Studio 14.0\Common7\IDE\Extensions\Microsoft\ADL Tools\2.2.6000.1\Microsoft.Scope.Dependencies.Cosmos.dll
    devenv.exe Warning: 0 : Assembly Resolve request in CompilerServicesAppDomain: C:\Program Files (x86)\Microsoft Visual Studio 14.0\Common7\IDE\Extensions\Microsoft\ADL Tools\2.2.6000.1\Microsoft.Scope.Dependencies.Cosmos.exe
    devenv.exe Warning: 0 : Assembly Resolve request in CompilerServicesAppDomain: C:\Program Files (x86)\Microsoft Visual Studio 14.0\Common7\IDE\Extensions\Microsoft\ADL Tools\2.2.6000.1\Microsoft.Scope.Dependencies.Cosmos.exe
    devenv.exe Warning: 0 : Assembly Resolve request in CompilerServicesAppDomain: Microsoft.Scope.Dependencies.Cosmos, Version=1.0.0.0, Culture=neutral, PublicKeyToken=9f877b68b06e0b5e
    devenv.exe Warning: 0 : Assembly Resolve request in CompilerServicesAppDomain: C:\Program Files (x86)\Microsoft Visual Studio 14.0\Common7\IDE\Extensions\Microsoft\ADL Tools\2.2.6000.1\Microsoft.Scope.Dependencies.Cosmos.dll
    devenv.exe Warning: 0 : Assembly Resolve request in CompilerServicesAppDomain: C:\Program Files (x86)\Microsoft Visual Studio 14.0\Common7\IDE\Extensions\Microsoft\ADL Tools\2.2.6000.1\Microsoft.Scope.Dependencies.Cosmos.dll
    devenv.exe Warning: 0 : Assembly Resolve request in CompilerServicesAppDomain: C:\Program Files (x86)\Microsoft Visual Studio 14.0\Common7\IDE\Extensions\Microsoft\ADL Tools\2.2.6000.1\Microsoft.Scope.Dependencies.Cosmos.exe
    devenv.exe Warning: 0 : Assembly Resolve request in CompilerServicesAppDomain: C:\Program Files (x86)\Microsoft Visual Studio 14.0\Common7\IDE\Extensions\Microsoft\ADL Tools\2.2.6000.1\Microsoft.Scope.Dependencies.Cosmos.exe
    devenv.exe Warning: 0 : Assembly Resolve request in CompilerServicesAppDomain: Microsoft.Scope.Dependencies.Cosmos, Version=1.0.0.0, Culture=neutral, PublicKeyToken=9f877b68b06e0b5e
    devenv.exe Warning: 0 : Assembly Resolve request in CompilerServicesAppDomain: C:\Program Files (x86)\Microsoft Visual Studio 14.0\Common7\IDE\Extensions\Microsoft\ADL Tools\2.2.6000.1\Microsoft.Scope.Dependencies.Cosmos.dll
    devenv.exe Warning: 0 : Assembly Resolve request in CompilerServicesAppDomain: C:\Program Files (x86)\Microsoft Visual Studio 14.0\Common7\IDE\Extensions\Microsoft\ADL Tools\2.2.6000.1\Microsoft.Scope.Dependencies.Cosmos.dll
    devenv.exe Warning: 0 : Assembly Resolve request in CompilerServicesAppDomain: C:\Program Files (x86)\Microsoft Visual Studio 14.0\Common7\IDE\Extensions\Microsoft\ADL Tools\2.2.6000.1\Microsoft.Scope.Dependencies.Cosmos.exe
    devenv.exe Warning: 0 : Assembly Resolve request in CompilerServicesAppDomain: C:\Program Files (x86)\Microsoft Visual Studio 14.0\Common7\IDE\Extensions\Microsoft\ADL Tools\2.2.6000.1\Microsoft.Scope.Dependencies.Cosmos.exe
    devenv.exe Warning: 0 : Assembly Resolve request in CompilerServicesAppDomain: Microsoft.Scope.Dependencies.Cosmos, Version=1.0.0.0, Culture=neutral, PublicKeyToken=9f877b68b06e0b5e
    devenv.exe Warning: 0 : Assembly Resolve request in CompilerServicesAppDomain: C:\Program Files (x86)\Microsoft Visual Studio 14.0\Common7\IDE\Extensions\Microsoft\ADL Tools\2.2.6000.1\Microsoft.Scope.Dependencies.Cosmos.dll
    devenv.exe Warning: 0 : Assembly Resolve request in CompilerServicesAppDomain: C:\Program Files (x86)\Microsoft Visual Studio 14.0\Common7\IDE\Extensions\Microsoft\ADL Tools\2.2.6000.1\Microsoft.Scope.Dependencies.Cosmos.dll
    devenv.exe Warning: 0 : Assembly Resolve request in CompilerServicesAppDomain: C:\Program Files (x86)\Microsoft Visual Studio 14.0\Common7\IDE\Extensions\Microsoft\ADL Tools\2.2.6000.1\Microsoft.Scope.Dependencies.Cosmos.exe
    devenv.exe Warning: 0 : Assembly Resolve request in CompilerServicesAppDomain: C:\Program Files (x86)\Microsoft Visual Studio 14.0\Common7\IDE\Extensions\Microsoft\ADL Tools\2.2.6000.1\Microsoft.Scope.Dependencies.Cosmos.exe
    devenv.exe Warning: 0 : Assembly Resolve request in CompilerServicesAppDomain: Microsoft.Scope.Dependencies.Cosmos, Version=1.0.0.0, Culture=neutral, PublicKeyToken=9f877b68b06e0b5e
    devenv.exe Warning: 0 : Assembly Resolve request in CompilerServicesAppDomain: C:\Program Files (x86)\Microsoft Visual Studio 14.0\Common7\IDE\Extensions\Microsoft\ADL Tools\2.2.6000.1\Microsoft.Scope.Dependencies.Cosmos.dll
    devenv.exe Warning: 0 : Assembly Resolve request in CompilerServicesAppDomain: C:\Program Files (x86)\Microsoft Visual Studio 14.0\Common7\IDE\Extensions\Microsoft\ADL Tools\2.2.6000.1\Microsoft.Scope.Dependencies.Cosmos.dll
    devenv.exe Warning: 0 : Assembly Resolve request in CompilerServicesAppDomain: C:\Program Files (x86)\Microsoft Visual Studio 14.0\Common7\IDE\Extensions\Microsoft\ADL Tools\2.2.6000.1\Microsoft.Scope.Dependencies.Cosmos.exe
    devenv.exe Warning: 0 : Assembly Resolve request in CompilerServicesAppDomain: C:\Program Files (x86)\Microsoft Visual Studio 14.0\Common7\IDE\Extensions\Microsoft\ADL Tools\2.2.6000.1\Microsoft.Scope.Dependencies.Cosmos.exe
    devenv.exe Warning: 0 : Assembly Resolve request in CompilerServicesAppDomain: Microsoft.Scope.Dependencies.Cosmos, Version=1.0.0.0, Culture=neutral, PublicKeyToken=9f877b68b06e0b5e
    devenv.exe Warning: 0 : Assembly Resolve request in CompilerServicesAppDomain: C:\Program Files (x86)\Microsoft Visual Studio 14.0\Common7\IDE\Extensions\Microsoft\ADL Tools\2.2.6000.1\Microsoft.Scope.Dependencies.Cosmos.dll
    devenv.exe Warning: 0 : Assembly Resolve request in CompilerServicesAppDomain: C:\Program Files (x86)\Microsoft Visual Studio 14.0\Common7\IDE\Extensions\Microsoft\ADL Tools\2.2.6000.1\Microsoft.Scope.Dependencies.Cosmos.dll
    devenv.exe Warning: 0 : Assembly Resolve request in CompilerServicesAppDomain: C:\Program Files (x86)\Microsoft Visual Studio 14.0\Common7\IDE\Extensions\Microsoft\ADL Tools\2.2.6000.1\Microsoft.Scope.Dependencies.Cosmos.exe
    devenv.exe Warning: 0 : Assembly Resolve request in CompilerServicesAppDomain: C:\Program Files (x86)\Microsoft Visual Studio 14.0\Common7\IDE\Extensions\Microsoft\ADL Tools\2.2.6000.1\Microsoft.Scope.Dependencies.Cosmos.exe
    devenv.exe Warning: 0 : Assembly Resolve request in CompilerServicesAppDomain: Microsoft.Scope.Dependencies.Cosmos, Version=1.0.0.0, Culture=neutral, PublicKeyToken=9f877b68b06e0b5e
    devenv.exe Warning: 0 : Assembly Resolve request in CompilerServicesAppDomain: C:\Program Files (x86)\Microsoft Visual Studio 14.0\Common7\IDE\Extensions\Microsoft\ADL Tools\2.2.6000.1\Microsoft.Scope.Dependencies.Cosmos.dll
    devenv.exe Warning: 0 : Assembly Resolve request in CompilerServicesAppDomain: C:\Program Files (x86)\Microsoft Visual Studio 14.0\Common7\IDE\Extensions\Microsoft\ADL Tools\2.2.6000.1\Microsoft.Scope.Dependencies.Cosmos.dll
    devenv.exe Warning: 0 : Assembly Resolve request in CompilerServicesAppDomain: C:\Program Files (x86)\Microsoft Visual Studio 14.0\Common7\IDE\Extensions\Microsoft\ADL Tools\2.2.6000.1\Microsoft.Scope.Dependencies.Cosmos.exe
    devenv.exe Warning: 0 : Assembly Resolve request in CompilerServicesAppDomain: C:\Program Files (x86)\Microsoft Visual Studio 14.0\Common7\IDE\Extensions\Microsoft\ADL Tools\2.2.6000.1\Microsoft.Scope.Dependencies.Cosmos.exe
    devenv.exe Warning: 0 : Assembly Resolve request in CompilerServicesAppDomain: Microsoft.Scope.Dependencies.Cosmos, Version=1.0.0.0, Culture=neutral, PublicKeyToken=9f877b68b06e0b5e
    devenv.exe Warning: 0 : Assembly Resolve request in CompilerServicesAppDomain: C:\Program Files (x86)\Microsoft Visual Studio 14.0\Common7\IDE\Extensions\Microsoft\ADL Tools\2.2.6000.1\Microsoft.Scope.Dependencies.Cosmos.dll
    devenv.exe Warning: 0 : Assembly Resolve request in CompilerServicesAppDomain: C:\Program Files (x86)\Microsoft Visual Studio 14.0\Common7\IDE\Extensions\Microsoft\ADL Tools\2.2.6000.1\Microsoft.Scope.Dependencies.Cosmos.dll
    devenv.exe Warning: 0 : Assembly Resolve request in CompilerServicesAppDomain: C:\Program Files (x86)\Microsoft Visual Studio 14.0\Common7\IDE\Extensions\Microsoft\ADL Tools\2.2.6000.1\Microsoft.Scope.Dependencies.Cosmos.exe
    devenv.exe Warning: 0 : Assembly Resolve request in CompilerServicesAppDomain: C:\Program Files (x86)\Microsoft Visual Studio 14.0\Common7\IDE\Extensions\Microsoft\ADL Tools\2.2.6000.1\Microsoft.Scope.Dependencies.Cosmos.exe
    devenv.exe Warning: 0 : Assembly Resolve request in CompilerServicesAppDomain: Microsoft.Scope.Dependencies.Cosmos, Version=1.0.0.0, Culture=neutral, PublicKeyToken=9f877b68b06e0b5e
    devenv.exe Warning: 0 : Assembly Resolve request in CompilerServicesAppDomain: C:\Program Files (x86)\Microsoft Visual Studio 14.0\Common7\IDE\Extensions\Microsoft\ADL Tools\2.2.6000.1\Microsoft.Scope.Dependencies.Cosmos.dll
    devenv.exe Warning: 0 : Assembly Resolve request in CompilerServicesAppDomain: C:\Program Files (x86)\Microsoft Visual Studio 14.0\Common7\IDE\Extensions\Microsoft\ADL Tools\2.2.6000.1\Microsoft.Scope.Dependencies.Cosmos.dll
    devenv.exe Warning: 0 : Assembly Resolve request in CompilerServicesAppDomain: C:\Program Files (x86)\Microsoft Visual Studio 14.0\Common7\IDE\Extensions\Microsoft\ADL Tools\2.2.6000.1\Microsoft.Scope.Dependencies.Cosmos.exe
    devenv.exe Warning: 0 : Assembly Resolve request in CompilerServicesAppDomain: C:\Program Files (x86)\Microsoft Visual Studio 14.0\Common7\IDE\Extensions\Microsoft\ADL Tools\2.2.6000.1\Microsoft.Scope.Dependencies.Cosmos.exe
    devenv.exe Warning: 0 : Assembly Resolve request in CompilerServicesAppDomain: Microsoft.Scope.Dependencies.Cosmos, Version=1.0.0.0, Culture=neutral, PublicKeyToken=9f877b68b06e0b5e
    devenv.exe Warning: 0 : Assembly Resolve request in CompilerServicesAppDomain: C:\Program Files (x86)\Microsoft Visual Studio 14.0\Common7\IDE\Extensions\Microsoft\ADL Tools\2.2.6000.1\Microsoft.Scope.Dependencies.Cosmos.dll
    devenv.exe Warning: 0 : Assembly Resolve request in CompilerServicesAppDomain: C:\Program Files (x86)\Microsoft Visual Studio 14.0\Common7\IDE\Extensions\Microsoft\ADL Tools\2.2.6000.1\Microsoft.Scope.Dependencies.Cosmos.dll
    devenv.exe Warning: 0 : Assembly Resolve request in CompilerServicesAppDomain: C:\Program Files (x86)\Microsoft Visual Studio 14.0\Common7\IDE\Extensions\Microsoft\ADL Tools\2.2.6000.1\Microsoft.Scope.Dependencies.Cosmos.exe
    devenv.exe Warning: 0 : Assembly Resolve request in CompilerServicesAppDomain: C:\Program Files (x86)\Microsoft Visual Studio 14.0\Common7\IDE\Extensions\Microsoft\ADL Tools\2.2.6000.1\Microsoft.Scope.Dependencies.Cosmos.exe
    devenv.exe Warning: 0 : Assembly Resolve request in CompilerServicesAppDomain: Microsoft.Scope.Dependencies.Cosmos, Version=1.0.0.0, Culture=neutral, PublicKeyToken=9f877b68b06e0b5e
    devenv.exe Warning: 0 : Assembly Resolve request in CompilerServicesAppDomain: C:\Program Files (x86)\Microsoft Visual Studio 14.0\Common7\IDE\Extensions\Microsoft\ADL Tools\2.2.6000.1\Microsoft.Scope.Dependencies.Cosmos.dll
    devenv.exe Warning: 0 : Assembly Resolve request in CompilerServicesAppDomain: C:\Program Files (x86)\Microsoft Visual Studio 14.0\Common7\IDE\Extensions\Microsoft\ADL Tools\2.2.6000.1\Microsoft.Scope.Dependencies.Cosmos.dll
    devenv.exe Warning: 0 : Assembly Resolve request in CompilerServicesAppDomain: C:\Program Files (x86)\Microsoft Visual Studio 14.0\Common7\IDE\Extensions\Microsoft\ADL Tools\2.2.6000.1\Microsoft.Scope.Dependencies.Cosmos.exe
    devenv.exe Warning: 0 : Assembly Resolve request in CompilerServicesAppDomain: C:\Program Files (x86)\Microsoft Visual Studio 14.0\Common7\IDE\Extensions\Microsoft\ADL Tools\2.2.6000.1\Microsoft.Scope.Dependencies.Cosmos.exe
    devenv.exe Warning: 0 : Assembly Resolve request in CompilerServicesAppDomain: Microsoft.Scope.Dependencies.Cosmos, Version=1.0.0.0, Culture=neutral, PublicKeyToken=9f877b68b06e0b5e
    devenv.exe Warning: 0 : Assembly Resolve request in CompilerServicesAppDomain: C:\Program Files (x86)\Microsoft Visual Studio 14.0\Common7\IDE\Extensions\Microsoft\ADL Tools\2.2.6000.1\Microsoft.Scope.Dependencies.Cosmos.dll
    devenv.exe Warning: 0 : Assembly Resolve request in CompilerServicesAppDomain: C:\Program Files (x86)\Microsoft Visual Studio 14.0\Common7\IDE\Extensions\Microsoft\ADL Tools\2.2.6000.1\Microsoft.Scope.Dependencies.Cosmos.dll
    devenv.exe Warning: 0 : Assembly Resolve request in CompilerServicesAppDomain: C:\Program Files (x86)\Microsoft Visual Studio 14.0\Common7\IDE\Extensions\Microsoft\ADL Tools\2.2.6000.1\Microsoft.Scope.Dependencies.Cosmos.exe
    devenv.exe Warning: 0 : Assembly Resolve request in CompilerServicesAppDomain: C:\Program Files (x86)\Microsoft Visual Studio 14.0\Common7\IDE\Extensions\Microsoft\ADL Tools\2.2.6000.1\Microsoft.Scope.Dependencies.Cosmos.exe
    devenv.exe Warning: 0 : Assembly Resolve request in CompilerServicesAppDomain: Microsoft.Scope.Dependencies.Cosmos, Version=1.0.0.0, Culture=neutral, PublicKeyToken=9f877b68b06e0b5e
    devenv.exe Warning: 0 : Assembly Resolve request in CompilerServicesAppDomain: C:\Program Files (x86)\Microsoft Visual Studio 14.0\Common7\IDE\Extensions\Microsoft\ADL Tools\2.2.6000.1\Microsoft.Scope.Dependencies.Cosmos.dll
    devenv.exe Warning: 0 : Assembly Resolve request in CompilerServicesAppDomain: C:\Program Files (x86)\Microsoft Visual Studio 14.0\Common7\IDE\Extensions\Microsoft\ADL Tools\2.2.6000.1\Microsoft.Scope.Dependencies.Cosmos.dll
    devenv.exe Warning: 0 : Assembly Resolve request in CompilerServicesAppDomain: C:\Program Files (x86)\Microsoft Visual Studio 14.0\Common7\IDE\Extensions\Microsoft\ADL Tools\2.2.6000.1\Microsoft.Scope.Dependencies.Cosmos.exe
    devenv.exe Warning: 0 : Assembly Resolve request in CompilerServicesAppDomain: C:\Program Files (x86)\Microsoft Visual Studio 14.0\Common7\IDE\Extensions\Microsoft\ADL Tools\2.2.6000.1\Microsoft.Scope.Dependencies.Cosmos.exe
    devenv.exe Warning: 0 : Assembly Resolve request in CompilerServicesAppDomain: Microsoft.Scope.Dependencies.Cosmos, Version=1.0.0.0, Culture=neutral, PublicKeyToken=9f877b68b06e0b5e
    devenv.exe Warning: 0 : Assembly Resolve request in CompilerServicesAppDomain: C:\Program Files (x86)\Microsoft Visual Studio 14.0\Common7\IDE\Extensions\Microsoft\ADL Tools\2.2.6000.1\Microsoft.Scope.Dependencies.Cosmos.dll
    devenv.exe Warning: 0 : Assembly Resolve request in CompilerServicesAppDomain: C:\Program Files (x86)\Microsoft Visual Studio 14.0\Common7\IDE\Extensions\Microsoft\ADL Tools\2.2.6000.1\Microsoft.Scope.Dependencies.Cosmos.dll
    devenv.exe Warning: 0 : Assembly Resolve request in CompilerServicesAppDomain: C:\Program Files (x86)\Microsoft Visual Studio 14.0\Common7\IDE\Extensions\Microsoft\ADL Tools\2.2.6000.1\Microsoft.Scope.Dependencies.Cosmos.exe
    devenv.exe Warning: 0 : Assembly Resolve request in CompilerServicesAppDomain: C:\Program Files (x86)\Microsoft Visual Studio 14.0\Common7\IDE\Extensions\Microsoft\ADL Tools\2.2.6000.1\Microsoft.Scope.Dependencies.Cosmos.exe
    devenv.exe Warning: 0 : Assembly Resolve request in CompilerServicesAppDomain: Microsoft.Scope.Dependencies.Cosmos, Version=1.0.0.0, Culture=neutral, PublicKeyToken=9f877b68b06e0b5e
    devenv.exe Warning: 0 : Assembly Resolve request in CompilerServicesAppDomain: C:\Program Files (x86)\Microsoft Visual Studio 14.0\Common7\IDE\Extensions\Microsoft\ADL Tools\2.2.6000.1\Microsoft.Scope.Dependencies.Cosmos.dll
    devenv.exe Warning: 0 : Assembly Resolve request in CompilerServicesAppDomain: C:\Program Files (x86)\Microsoft Visual Studio 14.0\Common7\IDE\Extensions\Microsoft\ADL Tools\2.2.6000.1\Microsoft.Scope.Dependencies.Cosmos.dll
    devenv.exe Warning: 0 : Assembly Resolve request in CompilerServicesAppDomain: C:\Program Files (x86)\Microsoft Visual Studio 14.0\Common7\IDE\Extensions\Microsoft\ADL Tools\2.2.6000.1\Microsoft.Scope.Dependencies.Cosmos.exe
    devenv.exe Warning: 0 : Assembly Resolve request in CompilerServicesAppDomain: C:\Program Files (x86)\Microsoft Visual Studio 14.0\Common7\IDE\Extensions\Microsoft\ADL Tools\2.2.6000.1\Microsoft.Scope.Dependencies.Cosmos.exe
    devenv.exe Warning: 0 : Assembly Resolve request in CompilerServicesAppDomain: Microsoft.Scope.Dependencies.Cosmos, Version=1.0.0.0, Culture=neutral, PublicKeyToken=9f877b68b06e0b5e
    devenv.exe Warning: 0 : Assembly Resolve request in CompilerServicesAppDomain: C:\Program Files (x86)\Microsoft Visual Studio 14.0\Common7\IDE\Extensions\Microsoft\ADL Tools\2.2.6000.1\Microsoft.VisualStudio.Workspaces.Contracts.dll
    devenv.exe Warning: 0 : Assembly Resolve request in CompilerServicesAppDomain: C:\Program Files (x86)\Microsoft Visual Studio 14.0\Common7\IDE\Extensions\Microsoft\ADL Tools\2.2.6000.1\Microsoft.VisualStudio.Workspaces.Contracts.dll
    devenv.exe Warning: 0 : Assembly Resolve request in CompilerServicesAppDomain: C:\Program Files (x86)\Microsoft Visual Studio 14.0\Common7\IDE\Extensions\Microsoft\ADL Tools\2.2.6000.1\Microsoft.VisualStudio.Workspaces.Contracts.exe
    devenv.exe Warning: 0 : Assembly Resolve request in CompilerServicesAppDomain: C:\Program Files (x86)\Microsoft Visual Studio 14.0\Common7\IDE\Extensions\Microsoft\ADL Tools\2.2.6000.1\Microsoft.VisualStudio.Workspaces.Contracts.exe
    devenv.exe Warning: 0 : Assembly Resolve request in CompilerServicesAppDomain: Microsoft.VisualStudio.Workspaces.Contracts, Version=14.0.0.0, Culture=neutral, PublicKeyToken=b03f5f7f11d50a3a
    devenv.exe Warning: 0 : Assembly Resolve request in CompilerServicesAppDomain: C:\Program Files (x86)\Microsoft Visual Studio 14.0\Common7\IDE\Extensions\Microsoft\ADL Tools\2.2.6000.1\Microsoft.VisualStudio.Workspaces.Contracts.dll
    devenv.exe Warning: 0 : Assembly Resolve request in CompilerServicesAppDomain: C:\Program Files (x86)\Microsoft Visual Studio 14.0\Common7\IDE\Extensions\Microsoft\ADL Tools\2.2.6000.1\Microsoft.VisualStudio.Workspaces.Contracts.dll
    devenv.exe Warning: 0 : Assembly Resolve request in CompilerServicesAppDomain: C:\Program Files (x86)\Microsoft Visual Studio 14.0\Common7\IDE\Extensions\Microsoft\ADL Tools\2.2.6000.1\Microsoft.VisualStudio.Workspaces.Contracts.exe
    devenv.exe Warning: 0 : Assembly Resolve request in CompilerServicesAppDomain: C:\Program Files (x86)\Microsoft Visual Studio 14.0\Common7\IDE\Extensions\Microsoft\ADL Tools\2.2.6000.1\Microsoft.VisualStudio.Workspaces.Contracts.exe
    devenv.exe Warning: 0 : Assembly Resolve request in CompilerServicesAppDomain: Microsoft.VisualStudio.Workspaces.Contracts, Version=14.0.0.0, Culture=neutral, PublicKeyToken=b03f5f7f11d50a3a
    devenv.exe Warning: 0 : Assembly Resolve request in CompilerServicesAppDomain: C:\Program Files (x86)\Microsoft Visual Studio 14.0\Common7\IDE\Extensions\Microsoft\ADL Tools\2.2.6000.1\Microsoft.VisualStudio.Workspaces.Contracts.dll
    devenv.exe Warning: 0 : Assembly Resolve request in CompilerServicesAppDomain: C:\Program Files (x86)\Microsoft Visual Studio 14.0\Common7\IDE\Extensions\Microsoft\ADL Tools\2.2.6000.1\Microsoft.VisualStudio.Workspaces.Contracts.dll
    devenv.exe Warning: 0 : Assembly Resolve request in CompilerServicesAppDomain: C:\Program Files (x86)\Microsoft Visual Studio 14.0\Common7\IDE\Extensions\Microsoft\ADL Tools\2.2.6000.1\Microsoft.VisualStudio.Workspaces.Contracts.exe
    devenv.exe Warning: 0 : Assembly Resolve request in CompilerServicesAppDomain: C:\Program Files (x86)\Microsoft Visual Studio 14.0\Common7\IDE\Extensions\Microsoft\ADL Tools\2.2.6000.1\Microsoft.VisualStudio.Workspaces.Contracts.exe
    devenv.exe Warning: 0 : Assembly Resolve request in CompilerServicesAppDomain: Microsoft.VisualStudio.Workspaces.Contracts, Version=14.0.0.0, Culture=neutral, PublicKeyToken=b03f5f7f11d50a3a
    devenv.exe Warning: 0 : Assembly Resolve request in CompilerServicesAppDomain: C:\Program Files (x86)\Microsoft Visual Studio 14.0\Common7\IDE\Extensions\Microsoft\ADL Tools\2.2.6000.1\Microsoft.VisualStudio.Workspaces.Contracts.dll
    devenv.exe Warning: 0 : Assembly Resolve request in CompilerServicesAppDomain: C:\Program Files (x86)\Microsoft Visual Studio 14.0\Common7\IDE\Extensions\Microsoft\ADL Tools\2.2.6000.1\Microsoft.VisualStudio.Workspaces.Contracts.dll
    devenv.exe Warning: 0 : Assembly Resolve request in CompilerServicesAppDomain: C:\Program Files (x86)\Microsoft Visual Studio 14.0\Common7\IDE\Extensions\Microsoft\ADL Tools\2.2.6000.1\Microsoft.VisualStudio.Workspaces.Contracts.exe
    devenv.exe Warning: 0 : Assembly Resolve request in CompilerServicesAppDomain: C:\Program Files (x86)\Microsoft Visual Studio 14.0\Common7\IDE\Extensions\Microsoft\ADL Tools\2.2.6000.1\Microsoft.VisualStudio.Workspaces.Contracts.exe
    devenv.exe Warning: 0 : Assembly Resolve request in CompilerServicesAppDomain: Microsoft.VisualStudio.Workspaces.Contracts, Version=14.0.0.0, Culture=neutral, PublicKeyToken=b03f5f7f11d50a3a
    devenv.exe Warning: 0 : Assembly Resolve request in CompilerServicesAppDomain: C:\Program Files (x86)\Microsoft Visual Studio 14.0\Common7\IDE\Extensions\Microsoft\ADL Tools\2.2.6000.1\Microsoft.VisualStudio.Workspaces.Contracts.dll
    devenv.exe Warning: 0 : Assembly Resolve request in CompilerServicesAppDomain: C:\Program Files (x86)\Microsoft Visual Studio 14.0\Common7\IDE\Extensions\Microsoft\ADL Tools\2.2.6000.1\Microsoft.VisualStudio.Workspaces.Contracts.dll
    devenv.exe Warning: 0 : Assembly Resolve request in CompilerServicesAppDomain: C:\Program Files (x86)\Microsoft Visual Studio 14.0\Common7\IDE\Extensions\Microsoft\ADL Tools\2.2.6000.1\Microsoft.VisualStudio.Workspaces.Contracts.exe
    devenv.exe Warning: 0 : Assembly Resolve request in CompilerServicesAppDomain: C:\Program Files (x86)\Microsoft Visual Studio 14.0\Common7\IDE\Extensions\Microsoft\ADL Tools\2.2.6000.1\Microsoft.VisualStudio.Workspaces.Contracts.exe
    devenv.exe Warning: 0 : Assembly Resolve request in CompilerServicesAppDomain: Microsoft.VisualStudio.Workspaces.Contracts, Version=14.0.0.0, Culture=neutral, PublicKeyToken=b03f5f7f11d50a3a
    devenv.exe Warning: 0 : Assembly Resolve request in CompilerServicesAppDomain: C:\Program Files (x86)\Microsoft Visual Studio 14.0\Common7\IDE\Extensions\Microsoft\ADL Tools\2.2.6000.1\Microsoft.VisualStudio.Workspaces.Contracts.dll
    devenv.exe Warning: 0 : Assembly Resolve request in CompilerServicesAppDomain: C:\Program Files (x86)\Microsoft Visual Studio 14.0\Common7\IDE\Extensions\Microsoft\ADL Tools\2.2.6000.1\Microsoft.VisualStudio.Workspaces.Contracts.dll
    devenv.exe Warning: 0 : Assembly Resolve request in CompilerServicesAppDomain: C:\Program Files (x86)\Microsoft Visual Studio 14.0\Common7\IDE\Extensions\Microsoft\ADL Tools\2.2.6000.1\Microsoft.VisualStudio.Workspaces.Contracts.exe
    devenv.exe Warning: 0 : Assembly Resolve request in CompilerServicesAppDomain: C:\Program Files (x86)\Microsoft Visual Studio 14.0\Common7\IDE\Extensions\Microsoft\ADL Tools\2.2.6000.1\Microsoft.VisualStudio.Workspaces.Contracts.exe
    devenv.exe Warning: 0 : Assembly Resolve request in CompilerServicesAppDomain: Microsoft.VisualStudio.Workspaces.Contracts, Version=14.0.0.0, Culture=neutral, PublicKeyToken=b03f5f7f11d50a3a
